TN:
SF:/home/bruce/work/RAPTor/common/logging.h
FNDA:0,_ZN14raptor_physics13method_loggerC2ERKSs
FNDA:0,_ZN14raptor_physics13method_loggerD2Ev
FNF:2
FNH:0
DA:34,0
DA:36,0
DA:37,0
DA:39,0
DA:40,0
DA:41,0
DA:42,0
LF:7
LH:0
end_of_record
SF:/home/bruce/work/RAPTor/common/quaternion_t.h
FN:41,_ZN12quaternion_tC2ERK7point_t
FN:83,_ZN12quaternion_tmLERKS_
FN:139,_ZNK12quaternion_t6rotateEP7point_t
FN:279,_Z13cross_productRK12quaternion_tRK7point_t
FNDA:24,_ZN12quaternion_tC2ERK7point_t
FNDA:24,_ZN12quaternion_tmLERKS_
FNDA:192,_ZNK12quaternion_t6rotateEP7point_t
FNDA:576,_Z13cross_productRK12quaternion_tRK7point_t
FNF:4
FNH:4
DA:41,24
DA:43,24
DA:44,24
DA:45,24
DA:47,24
DA:48,24
DA:49,24
DA:51,24
DA:52,24
DA:53,24
DA:54,24
DA:55,24
DA:83,24
DA:85,24
DA:86,24
DA:87,24
DA:88,24
DA:90,24
DA:91,24
DA:92,24
DA:93,24
DA:94,24
DA:139,192
DA:141,192
DA:142,192
DA:279,576
DA:281,576
LF:27
LH:27
end_of_record
SF:/home/bruce/work/RAPTor/raytracer/point_t.h
FN:17,_ZN7point_tC2Efff
FN:24,_ZNK7point_tngEv
FN:32,_ZN7point_tpLERKS_
FN:33,_ZN7point_tmIERKS_
FN:59,_ZlsRSoRK7point_t
FN:75,_ZmlRK7point_tf
FN:80,_ZdvRK7point_tf
FN:85,_ZplRK7point_tS1_
FN:90,_ZmiRK7point_tS1_
FN:115,_ZmlfRK7point_t
FN:297,_Z9magnitudeRK7point_t
FN:445,_Z13cross_productRK7point_tS1_
FN:456,_Z11dot_productRK7point_tS1_
FNDA:0,_ZN7point_tC2Efff
FNDA:0,_ZNK7point_tngEv
FNDA:0,_ZN7point_tpLERKS_
FNDA:192,_ZN7point_tmIERKS_
FNDA:0,_ZlsRSoRK7point_t
FNDA:0,_ZmlRK7point_tf
FNDA:0,_ZdvRK7point_tf
FNDA:0,_ZplRK7point_tS1_
FNDA:0,_ZmiRK7point_tS1_
FNDA:0,_ZmlfRK7point_t
FNDA:0,_Z9magnitudeRK7point_t
FNDA:0,_Z13cross_productRK7point_tS1_
FNDA:0,_Z11dot_productRK7point_tS1_
FNF:13
FNH:1
DA:17,0
DA:24,0
DA:32,0
DA:33,192
DA:59,0
DA:61,0
DA:75,0
DA:77,0
DA:80,0
DA:82,0
DA:85,0
DA:87,0
DA:90,0
DA:92,0
DA:115,0
DA:117,0
DA:297,0
DA:299,0
DA:445,0
DA:447,0
DA:456,0
DA:458,0
LF:22
LH:1
end_of_record
SF:/home/bruce/work/lib/boost_1_54_0/boost/log/core/core.hpp
DA:308,0
LF:1
LH:0
end_of_record
SF:/home/bruce/work/lib/boost_1_54_0/boost/log/core/record.hpp
FN:66,_ZN5boost3log11v2_mt_posix6recordC2Ev
FN:79,_ZN5boost3log11v2_mt_posix6recordD2Ev
FN:125,_ZNK5boost3log11v2_mt_posix6recordntEv
FN:149,_ZN5boost3log11v2_mt_posix6record5resetEv
FNDA:0,_ZN5boost3log11v2_mt_posix6recordC2Ev
FNDA:0,_ZN5boost3log11v2_mt_posix6recordD2Ev
FNDA:0,_ZNK5boost3log11v2_mt_posix6recordntEv
FNDA:0,_ZN5boost3log11v2_mt_posix6record5resetEv
FNF:4
FNH:0
DA:66,0
DA:79,0
DA:81,0
DA:82,0
DA:125,0
DA:127,0
DA:149,0
DA:151,0
DA:153,0
DA:154,0
DA:156,0
LF:11
LH:0
end_of_record
SF:/home/bruce/work/lib/boost_1_54_0/boost/log/detail/attachable_sstream_buf.hpp
FN:109,_ZNK5boost3log11v2_mt_posix3aux22basic_ostringstreambufIcSt11char_traitsIcESaIcEE7storageEv
FNDA:0,_ZNK5boost3log11v2_mt_posix3aux22basic_ostringstreambufIcSt11char_traitsIcESaIcEE7storageEv
FNF:1
FNH:0
DA:109,0
LF:1
LH:0
end_of_record
SF:/home/bruce/work/lib/boost_1_54_0/boost/log/detail/code_conversion.hpp
FN:59,_ZN5boost3log11v2_mt_posix3aux12code_convertIcSt11char_traitsIcESaIcEEEvPKT_mRSbIS7_T0_T1_ERKSt6locale
FNDA:0,_ZN5boost3log11v2_mt_posix3aux12code_convertIcSt11char_traitsIcESaIcEEEvPKT_mRSbIS7_T0_T1_ERKSt6locale
FNF:1
FNH:0
DA:59,0
DA:61,0
DA:62,0
LF:3
LH:0
end_of_record
SF:/home/bruce/work/lib/boost_1_54_0/boost/log/detail/light_rw_mutex.hpp
FN:142,_ZN5boost3log11v2_mt_posix3aux14light_rw_mutex11lock_sharedEv
FN:146,_ZN5boost3log11v2_mt_posix3aux14light_rw_mutex13unlock_sharedEv
FNDA:0,_ZN5boost3log11v2_mt_posix3aux14light_rw_mutex11lock_sharedEv
FNDA:0,_ZN5boost3log11v2_mt_posix3aux14light_rw_mutex13unlock_sharedEv
FNF:2
FNH:0
DA:142,0
DA:144,0
DA:145,0
DA:146,0
DA:148,0
DA:149,0
LF:6
LH:0
end_of_record
SF:/home/bruce/work/lib/boost_1_54_0/boost/log/detail/locks.hpp
FN:56,_ZN5boost3log11v2_mt_posix7no_lockINS1_7sources18multi_thread_modelINS1_3aux14light_rw_mutexEEEEC2ERS7_
FN:120,_ZN5boost3log11v2_mt_posix3aux17shared_lock_guardINS1_7sources18multi_thread_modelINS2_14light_rw_mutexEEEEC2ERS7_
FN:124,_ZN5boost3log11v2_mt_posix3aux17shared_lock_guardINS1_7sources18multi_thread_modelINS2_14light_rw_mutexEEEED2Ev
FNDA:0,_ZN5boost3log11v2_mt_posix7no_lockINS1_7sources18multi_thread_modelINS1_3aux14light_rw_mutexEEEEC2ERS7_
FNDA:0,_ZN5boost3log11v2_mt_posix3aux17shared_lock_guardINS1_7sources18multi_thread_modelINS2_14light_rw_mutexEEEEC2ERS7_
FNDA:0,_ZN5boost3log11v2_mt_posix3aux17shared_lock_guardINS1_7sources18multi_thread_modelINS2_14light_rw_mutexEEEED2Ev
FNF:3
FNH:0
DA:56,0
DA:120,0
DA:122,0
DA:123,0
DA:124,0
DA:126,0
DA:127,0
LF:7
LH:0
end_of_record
SF:/home/bruce/work/lib/boost_1_54_0/boost/log/sources/basic_logger.hpp
FN:180,_ZNK5boost3log11v2_mt_posix7sources12basic_loggerIcNS2_18severity_logger_mtINS1_7trivial14severity_levelEEENS2_18multi_thread_modelINS1_3aux14light_rw_mutexEEEE4coreEv
FN:192,_ZN5boost3log11v2_mt_posix7sources12basic_loggerIcNS2_18severity_logger_mtINS1_7trivial14severity_levelEEENS2_18multi_thread_modelINS1_3aux14light_rw_mutexEEEE19get_threading_modelEv
FN:258,_ZN5boost3log11v2_mt_posix7sources12basic_loggerIcNS2_18severity_logger_mtINS1_7trivial14severity_levelEEENS2_18multi_thread_modelINS1_3aux14light_rw_mutexEEEE20open_record_unlockedINS_9parameter3aux15tagged_argumentINS1_8keywords3tag8severityEKS6_EEEENS1_6recordERKT_
FN:266,_ZN5boost3log11v2_mt_posix7sources12basic_loggerIcNS2_18severity_logger_mtINS1_7trivial14severity_levelEEENS2_18multi_thread_modelINS1_3aux14light_rw_mutexEEEE20push_record_unlockedEONS1_6recordE
FN:454,_ZN5boost3log11v2_mt_posix7sources22basic_composite_loggerIcNS2_18severity_logger_mtINS1_7trivial14severity_levelEEENS2_18multi_thread_modelINS1_3aux14light_rw_mutexEEENS2_8featuresIINS2_8severityIS6_EEEEEE11open_recordINS_9parameter3aux15tagged_argumentINS1_8keywords3tag8severityEKS6_EEEENS1_6recordERKT_
FN:470,_ZN5boost3log11v2_mt_posix7sources22basic_composite_loggerIcNS2_18severity_logger_mtINS1_7trivial14severity_levelEEENS2_18multi_thread_modelINS1_3aux14light_rw_mutexEEENS2_8featuresIINS2_8severityIS6_EEEEEE11push_recordEONS1_6recordE
FNDA:0,_ZNK5boost3log11v2_mt_posix7sources12basic_loggerIcNS2_18severity_logger_mtINS1_7trivial14severity_levelEEENS2_18multi_thread_modelINS1_3aux14light_rw_mutexEEEE4coreEv
FNDA:0,_ZN5boost3log11v2_mt_posix7sources12basic_loggerIcNS2_18severity_logger_mtINS1_7trivial14severity_levelEEENS2_18multi_thread_modelINS1_3aux14light_rw_mutexEEEE19get_threading_modelEv
FNDA:0,_ZN5boost3log11v2_mt_posix7sources12basic_loggerIcNS2_18severity_logger_mtINS1_7trivial14severity_levelEEENS2_18multi_thread_modelINS1_3aux14light_rw_mutexEEEE20open_record_unlockedINS_9parameter3aux15tagged_argumentINS1_8keywords3tag8severityEKS6_EEEENS1_6recordERKT_
FNDA:0,_ZN5boost3log11v2_mt_posix7sources12basic_loggerIcNS2_18severity_logger_mtINS1_7trivial14severity_levelEEENS2_18multi_thread_modelINS1_3aux14light_rw_mutexEEEE20push_record_unlockedEONS1_6recordE
FNDA:0,_ZN5boost3log11v2_mt_posix7sources22basic_composite_loggerIcNS2_18severity_logger_mtINS1_7trivial14severity_levelEEENS2_18multi_thread_modelINS1_3aux14light_rw_mutexEEENS2_8featuresIINS2_8severityIS6_EEEEEE11open_recordINS_9parameter3aux15tagged_argumentINS1_8keywords3tag8severityEKS6_EEEENS1_6recordERKT_
FNDA:0,_ZN5boost3log11v2_mt_posix7sources22basic_composite_loggerIcNS2_18severity_logger_mtINS1_7trivial14severity_levelEEENS2_18multi_thread_modelINS1_3aux14light_rw_mutexEEENS2_8featuresIINS2_8severityIS6_EEEEEE11push_recordEONS1_6recordE
FNF:6
FNH:0
DA:180,0
DA:192,0
DA:258,0
DA:260,0
DA:266,0
DA:268,0
DA:269,0
DA:454,0
DA:457,0
DA:459,0
DA:460,0
DA:463,0
DA:470,0
DA:472,0
DA:473,0
DA:474,0
LF:16
LH:0
end_of_record
SF:/home/bruce/work/lib/boost_1_54_0/boost/log/sources/record_ostream.hpp
FN:124,_ZN5boost3log11v2_mt_posix20basic_record_ostreamIcE10get_recordEv
FN:242,_ZN5boost3log11v2_mt_posix3aux11record_pumpINS1_7sources18severity_logger_mtINS1_7trivial14severity_levelEEEE12auto_releaseC2EPNS2_15stream_providerIcE15stream_compoundE
FN:243,_ZN5boost3log11v2_mt_posix3aux11record_pumpINS1_7sources18severity_logger_mtINS1_7trivial14severity_levelEEEE12auto_releaseD2Ev
FN:256,_ZN5boost3log11v2_mt_posix3aux11record_pumpINS1_7sources18severity_logger_mtINS1_7trivial14severity_levelEEEEC2ERS8_RNS1_6recordE
FN:272,_ZN5boost3log11v2_mt_posix3aux11record_pumpINS1_7sources18severity_logger_mtINS1_7trivial14severity_levelEEEED2Ev
FN:284,_ZNK5boost3log11v2_mt_posix3aux11record_pumpINS1_7sources18severity_logger_mtINS1_7trivial14severity_levelEEEE6streamEv
FNDA:0,_ZN5boost3log11v2_mt_posix20basic_record_ostreamIcE10get_recordEv
FNDA:0,_ZN5boost3log11v2_mt_posix3aux11record_pumpINS1_7sources18severity_logger_mtINS1_7trivial14severity_levelEEEE12auto_releaseC2EPNS2_15stream_providerIcE15stream_compoundE
FNDA:0,_ZN5boost3log11v2_mt_posix3aux11record_pumpINS1_7sources18severity_logger_mtINS1_7trivial14severity_levelEEEE12auto_releaseD2Ev
FNDA:0,_ZN5boost3log11v2_mt_posix3aux11record_pumpINS1_7sources18severity_logger_mtINS1_7trivial14severity_levelEEEEC2ERS8_RNS1_6recordE
FNDA:0,_ZN5boost3log11v2_mt_posix3aux11record_pumpINS1_7sources18severity_logger_mtINS1_7trivial14severity_levelEEEED2Ev
FNDA:0,_ZNK5boost3log11v2_mt_posix3aux11record_pumpINS1_7sources18severity_logger_mtINS1_7trivial14severity_levelEEEE6streamEv
FNF:6
FNH:0
DA:124,0
DA:126,0
DA:127,0
DA:128,0
DA:242,0
DA:243,0
DA:256,0
DA:257,0
DA:258,0
DA:259,0
DA:261,0
DA:272,0
DA:274,0
DA:276,0
DA:278,0
DA:279,0
DA:281,0
DA:284,0
DA:286,0
DA:287,0
DA:294,1212
LF:21
LH:1
end_of_record
SF:/home/bruce/work/lib/boost_1_54_0/boost/log/sources/severity_feature.hpp
FN:133,_ZN5boost3log11v2_mt_posix7sources3aux14severity_levelINS1_7trivial14severity_levelEE9set_valueES6_
FN:250,_ZN5boost3log11v2_mt_posix7sources21basic_severity_loggerINS2_12basic_loggerIcNS2_18severity_logger_mtINS1_7trivial14severity_levelEEENS2_18multi_thread_modelINS1_3aux14light_rw_mutexEEEEES7_E20open_record_unlockedINS_9parameter3aux15tagged_argumentINS1_8keywords3tag8severityEKS7_EEEENS1_6recordERKT_
FNDA:0,_ZN5boost3log11v2_mt_posix7sources3aux14severity_levelINS1_7trivial14severity_levelEE9set_valueES6_
FNDA:0,_ZN5boost3log11v2_mt_posix7sources21basic_severity_loggerINS2_12basic_loggerIcNS2_18severity_logger_mtINS1_7trivial14severity_levelEEENS2_18multi_thread_modelINS1_3aux14light_rw_mutexEEEEES7_E20open_record_unlockedINS_9parameter3aux15tagged_argumentINS1_8keywords3tag8severityEKS7_EEEENS1_6recordERKT_
FNF:2
FNH:0
DA:133,0
DA:135,0
DA:136,0
DA:250,0
DA:252,0
DA:253,0
LF:6
LH:0
end_of_record
SF:/home/bruce/work/lib/boost_1_54_0/boost/log/sources/threading_models.hpp
FN:74,_ZNK5boost3log11v2_mt_posix7sources18multi_thread_modelINS1_3aux14light_rw_mutexEE11lock_sharedEv
FN:78,_ZNK5boost3log11v2_mt_posix7sources18multi_thread_modelINS1_3aux14light_rw_mutexEE13unlock_sharedEv
FNDA:0,_ZNK5boost3log11v2_mt_posix7sources18multi_thread_modelINS1_3aux14light_rw_mutexEE11lock_sharedEv
FNDA:0,_ZNK5boost3log11v2_mt_posix7sources18multi_thread_modelINS1_3aux14light_rw_mutexEE13unlock_sharedEv
FNF:2
FNH:0
DA:74,0
DA:78,0
LF:2
LH:0
end_of_record
SF:/home/bruce/work/lib/boost_1_54_0/boost/log/utility/formatting_ostream.hpp
FN:114,_ZN5boost3log11v2_mt_posix24basic_formatting_ostreamIcSt11char_traitsIcESaIcEE6sentryD2Ev
FN:120,_ZN5boost3log11v2_mt_posix24basic_formatting_ostreamIcSt11char_traitsIcESaIcEE6sentryC2ERS6_
FN:247,_ZN5boost3log11v2_mt_posix24basic_formatting_ostreamIcSt11char_traitsIcESaIcEE6streamEv
FN:316,_ZN5boost3log11v2_mt_posix24basic_formatting_ostreamIcSt11char_traitsIcESaIcEE5flushEv
FN:390,_ZN5boost3log11v2_mt_posix24basic_formatting_ostreamIcSt11char_traitsIcESaIcEElsEPKc
FN:451,_ZN5boost3log11v2_mt_posix24basic_formatting_ostreamIcSt11char_traitsIcESaIcEElsEi
FN:466,_ZN5boost3log11v2_mt_posix24basic_formatting_ostreamIcSt11char_traitsIcESaIcEElsEm
FN:484,_ZN5boost3log11v2_mt_posix24basic_formatting_ostreamIcSt11char_traitsIcESaIcEElsEf
FN:514,_ZN5boost3log11v2_mt_posixlsIcSt11char_traitsIcESaIcEEENS1_3aux19enable_if_char_typeIT_RNS1_24basic_formatting_ostreamIcS4_S5_EEE4typeESB_RKSbIS8_T0_T1_E
FN:549,_ZN5boost3log11v2_mt_posix24basic_formatting_ostreamIcSt11char_traitsIcESaIcEE15formatted_writeIcEERS6_PKT_l
FN:662,_ZN5boost3log11v2_mt_posixlsIcSt11char_traitsIcESaIcE7point_tEERNS1_24basic_formatting_ostreamIT_T0_T1_EESC_RKT2_
FNDA:0,_ZN5boost3log11v2_mt_posix24basic_formatting_ostreamIcSt11char_traitsIcESaIcEE6sentryD2Ev
FNDA:0,_ZN5boost3log11v2_mt_posix24basic_formatting_ostreamIcSt11char_traitsIcESaIcEE6sentryC2ERS6_
FNDA:0,_ZN5boost3log11v2_mt_posix24basic_formatting_ostreamIcSt11char_traitsIcESaIcEE6streamEv
FNDA:0,_ZN5boost3log11v2_mt_posix24basic_formatting_ostreamIcSt11char_traitsIcESaIcEE5flushEv
FNDA:0,_ZN5boost3log11v2_mt_posix24basic_formatting_ostreamIcSt11char_traitsIcESaIcEElsEPKc
FNDA:0,_ZN5boost3log11v2_mt_posix24basic_formatting_ostreamIcSt11char_traitsIcESaIcEElsEi
FNDA:96,_ZN5boost3log11v2_mt_posix24basic_formatting_ostreamIcSt11char_traitsIcESaIcEElsEm
FNDA:0,_ZN5boost3log11v2_mt_posix24basic_formatting_ostreamIcSt11char_traitsIcESaIcEElsEf
FNDA:0,_ZN5boost3log11v2_mt_posixlsIcSt11char_traitsIcESaIcEEENS1_3aux19enable_if_char_typeIT_RNS1_24basic_formatting_ostreamIcS4_S5_EEE4typeESB_RKSbIS8_T0_T1_E
FNDA:0,_ZN5boost3log11v2_mt_posix24basic_formatting_ostreamIcSt11char_traitsIcESaIcEE15formatted_writeIcEERS6_PKT_l
FNDA:0,_ZN5boost3log11v2_mt_posixlsIcSt11char_traitsIcESaIcE7point_tEERNS1_24basic_formatting_ostreamIT_T0_T1_EESC_RKT2_
FNF:11
FNH:1
DA:114,0
DA:120,0
DA:122,0
DA:247,0
DA:316,0
DA:318,0
DA:319,0
DA:390,0
DA:392,0
DA:451,0
DA:453,0
DA:454,0
DA:466,96
DA:468,96
DA:469,96
DA:484,0
DA:486,0
DA:487,0
DA:514,0
DA:516,0
DA:549,0
DA:551,0
DA:552,0
DA:554,0
DA:555,0
DA:557,0
DA:558,0
DA:560,0
DA:564,0
DA:566,0
DA:567,0
DA:568,0
DA:570,0
DA:572,0
DA:573,0
DA:576,0
DA:579,0
DA:662,0
DA:664,0
DA:665,0
LF:40
LH:3
end_of_record
SF:/home/bruce/work/lib/boost_1_54_0/boost/move/utility.hpp
FN:138,_ZN5boost4moveIRNS_3log11v2_mt_posix6recordEEEONS_16remove_referenceIT_E4typeEOS6_
FNDA:0,_ZN5boost4moveIRNS_3log11v2_mt_posix6recordEEEONS_16remove_referenceIT_E4typeEOS6_
FNF:1
FNH:0
DA:138,0
DA:139,0
LF:2
LH:0
end_of_record
SF:/home/bruce/work/lib/boost_1_54_0/boost/noncopyable.hpp
FN:27,_ZN5boost12noncopyable_11noncopyableC2Ev
FNDA:0,_ZN5boost12noncopyable_11noncopyableC2Ev
FNF:1
FNH:0
DA:27,0
LF:1
LH:0
end_of_record
SF:/home/bruce/work/lib/boost_1_54_0/boost/parameter/aux_/default.hpp
FN:18,_ZN5boost9parameter3aux8default_INS_3log11v2_mt_posix8keywords3tag8severityENS4_7trivial14severity_levelEEC2ERS9_
FNDA:0,_ZN5boost9parameter3aux8default_INS_3log11v2_mt_posix8keywords3tag8severityENS4_7trivial14severity_levelEEC2ERS9_
FNF:1
FNH:0
DA:18,0
DA:19,0
DA:20,0
LF:3
LH:0
end_of_record
SF:/home/bruce/work/lib/boost_1_54_0/boost/parameter/aux_/tagged_argument.hpp
FN:25,_ZN5boost9parameter3aux20tagged_argument_baseC2Ev
FN:37,_ZN5boost9parameter3aux15tagged_argumentINS_3log11v2_mt_posix8keywords3tag8severityEKNS4_7trivial14severity_levelEEC2ERSA_
FN:123,_ZNK5boost9parameter3aux15tagged_argumentINS_3log11v2_mt_posix8keywords3tag8severityEKNS4_7trivial14severity_levelEEixIS9_EERSA_RKNS1_8default_IS7_T_EE
FNDA:0,_ZN5boost9parameter3aux20tagged_argument_baseC2Ev
FNDA:0,_ZN5boost9parameter3aux15tagged_argumentINS_3log11v2_mt_posix8keywords3tag8severityEKNS4_7trivial14severity_levelEEC2ERSA_
FNDA:0,_ZNK5boost9parameter3aux15tagged_argumentINS_3log11v2_mt_posix8keywords3tag8severityEKNS4_7trivial14severity_levelEEixIS9_EERSA_RKNS1_8default_IS7_T_EE
FNF:3
FNH:0
DA:25,0
DA:37,0
DA:123,0
DA:125,0
LF:4
LH:0
end_of_record
SF:/home/bruce/work/lib/boost_1_54_0/boost/parameter/keyword.hpp
FN:43,_ZNK5boost9parameter7keywordINS_3log11v2_mt_posix8keywords3tag8severityEEorINS3_7trivial14severity_levelEEENS0_3aux8default_IS6_T_EERSD_
FN:58,_ZNK5boost9parameter7keywordINS_3log11v2_mt_posix8keywords3tag8severityEEaSINS3_7trivial14severity_levelEEEKNS0_3aux3tagIS6_KT_E4typeERSE_
FNDA:0,_ZNK5boost9parameter7keywordINS_3log11v2_mt_posix8keywords3tag8severityEEorINS3_7trivial14severity_levelEEENS0_3aux8default_IS6_T_EERSD_
FNDA:0,_ZNK5boost9parameter7keywordINS_3log11v2_mt_posix8keywords3tag8severityEEaSINS3_7trivial14severity_levelEEEKNS0_3aux3tagIS6_KT_E4typeERSE_
FNF:2
FNH:0
DA:43,0
DA:45,0
DA:58,0
DA:61,0
LF:4
LH:0
end_of_record
SF:/home/bruce/work/lib/boost_1_54_0/boost/smart_ptr/shared_ptr.hpp
FN:651,_ZNK5boost10shared_ptrINS_3log11v2_mt_posix4coreEEptEv
FNDA:0,_ZNK5boost10shared_ptrINS_3log11v2_mt_posix4coreEEptEv
FNF:1
FNH:0
DA:651,0
DA:653,0
DA:654,0
LF:3
LH:0
end_of_record
SF:/home/bruce/work/lib/boost_1_54_0/boost/utility/addressof.hpp
FN:28,_ZN5boost6detail13addr_impl_refINS_3log11v2_mt_posix7sources18severity_logger_mtINS3_7trivial14severity_levelEEEEC2ERS8_
FN:29,_ZNK5boost6detail13addr_impl_refINS_3log11v2_mt_posix7sources18severity_logger_mtINS3_7trivial14severity_levelEEEEcvRS8_Ev
FN:37,_ZN5boost6detail14addressof_implINS_3log11v2_mt_posix7sources18severity_logger_mtINS3_7trivial14severity_levelEEEE1fERS8_l
FN:51,_ZN5boost9addressofINS_3log11v2_mt_posix7sources18severity_logger_mtINS2_7trivial14severity_levelEEEEEPT_RS8_
FNDA:0,_ZN5boost6detail13addr_impl_refINS_3log11v2_mt_posix7sources18severity_logger_mtINS3_7trivial14severity_levelEEEEC2ERS8_
FNDA:0,_ZNK5boost6detail13addr_impl_refINS_3log11v2_mt_posix7sources18severity_logger_mtINS3_7trivial14severity_levelEEEEcvRS8_Ev
FNDA:0,_ZN5boost6detail14addressof_implINS_3log11v2_mt_posix7sources18severity_logger_mtINS3_7trivial14severity_levelEEEE1fERS8_l
FNDA:0,_ZN5boost9addressofINS_3log11v2_mt_posix7sources18severity_logger_mtINS2_7trivial14severity_levelEEEEEPT_RS8_
FNF:4
FNH:0
DA:28,0
DA:29,0
DA:37,0
DA:40,0
DA:51,0
DA:59,0
LF:6
LH:0
end_of_record
SF:/usr/include/c++/4.8/bits/basic_ios.h
FN:46,_ZSt13__check_facetISt5ctypeIcEERKT_PS3_
FNDA:0,_ZSt13__check_facetISt5ctypeIcEERKT_PS3_
FNF:1
FNH:0
DA:46,0
DA:48,0
DA:49,0
DA:50,0
LF:4
LH:0
end_of_record
SF:/usr/include/c++/4.8/bits/basic_string.h
FN:272,_ZNSs12_Alloc_hiderD2Ev
FNDA:0,_ZNSs12_Alloc_hiderD2Ev
FNF:1
FNH:0
DA:272,0
LF:1
LH:0
end_of_record
SF:/usr/include/c++/4.8/bits/char_traits.h
FN:258,_ZNSt11char_traitsIcE6lengthEPKc
FNDA:0,_ZNSt11char_traitsIcE6lengthEPKc
FNF:1
FNH:0
DA:258,0
DA:259,0
LF:2
LH:0
end_of_record
SF:/usr/include/c++/4.8/bits/ios_base.h
FN:75,_ZStanSt13_Ios_FmtflagsS_
FN:157,_ZStorSt12_Ios_IostateS_
FN:551,_ZNKSt8ios_base5flagsEv
FN:644,_ZNKSt8ios_base5widthEv
FN:653,_ZNSt8ios_base5widthEl
FN:695,_ZNKSt8ios_base6getlocEv
FNDA:0,_ZStanSt13_Ios_FmtflagsS_
FNDA:0,_ZStorSt12_Ios_IostateS_
FNDA:0,_ZNKSt8ios_base5flagsEv
FNDA:0,_ZNKSt8ios_base5widthEv
FNDA:0,_ZNSt8ios_base5widthEl
FNDA:0,_ZNKSt8ios_base6getlocEv
FNF:6
FNH:0
DA:75,0
DA:76,0
DA:157,0
DA:158,0
DA:551,0
DA:552,0
DA:644,0
DA:645,0
DA:653,0
DA:655,0
DA:656,0
DA:657,0
DA:695,0
DA:696,0
LF:14
LH:0
end_of_record
SF:/usr/include/c++/4.8/bits/locale_facets.h
FN:865,_ZNKSt5ctypeIcE5widenEc
FNDA:0,_ZNKSt5ctypeIcE5widenEc
FNF:1
FNH:0
DA:865,0
DA:867,0
DA:868,0
DA:869,0
DA:870,0
LF:5
LH:0
end_of_record
SF:/usr/include/c++/4.8/bits/move.h
FN:76,_ZSt7forwardIRfEOT_RNSt16remove_referenceIS1_E4typeE
FNDA:648,_ZSt7forwardIRfEOT_RNSt16remove_referenceIS1_E4typeE
FNF:1
FNH:1
DA:76,648
DA:77,648
LF:2
LH:2
end_of_record
SF:/usr/include/c++/4.8/bits/stl_algobase.h
FN:193,_ZSt3minIfERKT_S2_S2_
FN:216,_ZSt3maxIfERKT_S2_S2_
FNDA:0,_ZSt3minIfERKT_S2_S2_
FNDA:0,_ZSt3maxIfERKT_S2_S2_
FNF:2
FNH:0
DA:193,0
DA:198,0
DA:199,0
DA:200,0
DA:216,0
DA:221,0
DA:222,0
DA:223,0
LF:8
LH:0
end_of_record
SF:/usr/include/c++/4.8/bits/stl_pair.h
FN:112,_ZNSt4pairIffEC1ERKfS2_
FN:138,_ZNSt4pairIffEC1IRfvEERKfOT_
FNDA:0,_ZNSt4pairIffEC1ERKfS2_
FNDA:0,_ZNSt4pairIffEC1IRfvEERKfOT_
FNF:2
FNH:0
DA:112,0
DA:113,0
DA:138,0
DA:139,0
LF:4
LH:0
end_of_record
SF:/usr/include/c++/4.8/bits/stl_vector.h
FN:645,_ZNKSt6vectorIiSaIiEE4sizeEv
FN:770,_ZNSt6vectorIiSaIiEEixEm
FNDA:32460,_ZNKSt6vectorIiSaIiEE4sizeEv
FNDA:14256,_ZNSt6vectorIiSaIiEEixEm
FNF:2
FNH:2
DA:645,32460
DA:646,32460
DA:770,14256
DA:771,14256
LF:4
LH:4
end_of_record
SF:/usr/include/c++/4.8/cmath
FN:203,_ZSt3cosf
FN:260,_ZSt4fabsf
FN:444,_ZSt3sinf
FN:482,_ZSt4sqrtf
FNDA:72,_ZSt3cosf
FNDA:0,_ZSt4fabsf
FNDA:72,_ZSt3sinf
FNDA:0,_ZSt4sqrtf
FNF:4
FNH:2
DA:203,72
DA:204,72
DA:260,0
DA:261,0
DA:444,72
DA:445,72
DA:482,0
DA:483,0
LF:8
LH:4
end_of_record
SF:/usr/include/c++/4.8/ext/atomicity.h
FN:48,_ZN9__gnu_cxxL18__exchange_and_addEPVii
FN:65,_ZN9__gnu_cxxL25__exchange_and_add_singleEPii
FN:78,_ZN9__gnu_cxxL27__exchange_and_add_dispatchEPii
FNDA:0,_ZN9__gnu_cxxL18__exchange_and_addEPVii
FNDA:0,_ZN9__gnu_cxxL25__exchange_and_add_singleEPii
FNDA:0,_ZN9__gnu_cxxL27__exchange_and_add_dispatchEPii
FNF:3
FNH:0
DA:48,0
DA:49,0
DA:65,0
DA:67,0
DA:68,0
DA:69,0
DA:78,0
DA:81,0
DA:82,0
DA:84,0
LF:10
LH:0
end_of_record
SF:/usr/include/c++/4.8/ext/new_allocator.h
FN:79,_ZN9__gnu_cxx13new_allocatorIcEC2Ev
FN:81,_ZN9__gnu_cxx13new_allocatorIcEC2ERKS1_
FN:86,_ZN9__gnu_cxx13new_allocatorIcED2Ev
FNDA:0,_ZN9__gnu_cxx13new_allocatorIcEC2Ev
FNDA:0,_ZN9__gnu_cxx13new_allocatorIcEC2ERKS1_
FNDA:0,_ZN9__gnu_cxx13new_allocatorIcED2Ev
FNF:3
FNH:0
DA:79,0
DA:81,0
DA:86,0
LF:3
LH:0
end_of_record
SF:/usr/include/c++/4.8/iostream
DA:74,6
LF:1
LH:1
end_of_record
SF:/usr/include/x86_64-linux-gnu/c++/4.8/bits/gthr-default.h
FN:247,_ZL18__gthread_active_pv
FNDA:0,_ZL18__gthread_active_pv
FNF:1
FNH:0
DA:247,0
DA:251,0
LF:2
LH:0
end_of_record
SF:/home/bruce/work/RAPTor/physics_engine/gjk.h
FN:51,_ZNK14raptor_physics3gjk13get_simplex_aEv
FN:52,_ZNK14raptor_physics3gjk13get_simplex_bEv
FNDA:240,_ZN14raptor_physics3gjkC2ERK9matrix_3dS3_b
FNDA:240,_ZN14raptor_physics3gjkD2Ev
FNDA:240,_ZNK14raptor_physics3gjk13get_simplex_aEv
FNDA:240,_ZNK14raptor_physics3gjk13get_simplex_bEv
FNF:4
FNH:4
DA:23,240
DA:26,240
DA:27,480
DA:29,480
DA:30,240
DA:33,240
DA:35,480
DA:37,240
DA:38,240
DA:40,480
DA:41,240
DA:51,240
DA:52,240
LF:13
LH:13
end_of_record
SF:/home/bruce/work/RAPTor/physics_engine/inertia_tensor.h
FN:238,_ZNK14raptor_physics14inertia_tensor4massEv
FN:239,_ZNK14raptor_physics14inertia_tensor14center_of_massEv
FN:241,_ZNK14raptor_physics14inertia_tensor14inverse_tensorEv
FN:243,_ZN14raptor_physics14inertia_tensor19move_center_of_massERK7point_t
FN:336,_ZN14raptor_physicsdvINS_14inertia_tensorEEE7point_tRKS2_RKT_
FNDA:0,_ZNK14raptor_physics14inertia_tensor4massEv
FNDA:0,_ZNK14raptor_physics14inertia_tensor14center_of_massEv
FNDA:0,_ZNK14raptor_physics14inertia_tensor14inverse_tensorEv
FNDA:24,_ZN14raptor_physics14inertia_tensor19move_center_of_massERK7point_t
FNDA:24,_ZN14raptor_physicsdvINS_14inertia_tensorEEE7point_tRKS2_RKT_
FNF:5
FNH:2
DA:238,0
DA:239,0
DA:241,0
DA:243,24
DA:245,24
DA:246,24
DA:336,24
DA:338,24
DA:339,24
DA:340,24
DA:341,24
DA:343,24
LF:12
LH:9
end_of_record
SF:/home/bruce/work/RAPTor/physics_engine/matrix_3d.h
FN:26,_ZN9matrix_3dpLERK7point_t
FN:36,_ZN9matrix_3dmIERK7point_t
FN:157,_ZN9matrix_3d23rotate_all_about_originERK12quaternion_t
FN:198,_ZNK9matrix_3d7get_rowEi
FN:203,_ZNK9matrix_3d4sizeEv
FNDA:24,_ZN9matrix_3dpLERK7point_t
FNDA:24,_ZN9matrix_3dmIERK7point_t
FNDA:24,_ZN9matrix_3d23rotate_all_about_originERK12quaternion_t
FNDA:22680,_ZNK9matrix_3d7get_rowEi
FNDA:12672,_ZNK9matrix_3d4sizeEv
FNF:5
FNH:5
DA:26,24
DA:28,216
DA:30,192
DA:33,24
DA:36,24
DA:38,216
DA:40,192
DA:43,24
DA:157,24
DA:159,216
DA:161,192
DA:164,24
DA:198,22680
DA:200,22680
DA:203,12672
DA:205,12672
LF:16
LH:16
end_of_record
SF:/home/bruce/work/RAPTor/physics_engine/simplex.h
FN:20,_ZN14raptor_physics7simplexC2ERK9matrix_3db
FN:31,_ZN14raptor_physics7simplexC2ERKS0_
FN:269,_ZNK14raptor_physics7simplex10get_vertexEi
FNDA:744,_ZN14raptor_physics7simplexC2ERK9matrix_3db
FNDA:480,_ZN14raptor_physics7simplexC2ERKS0_
FNDA:312,_ZNK14raptor_physics7simplex10get_vertexEi
FNF:3
FNH:3
DA:20,744
DA:22,744
DA:24,744
DA:26,24
DA:28,744
DA:31,480
DA:33,480
DA:34,480
DA:36,480
DA:37,480
DA:41,0
DA:42,0
DA:44,480
DA:269,312
DA:271,312
LF:15
LH:13
end_of_record
SF:/home/bruce/work/RAPTor/physics_engine/vertex_group.cc
FN:417,_ZN14raptor_physics12vertex_group15commit_movementEf
FN:447,_ZNK14raptor_physics12vertex_group19project_translationEf
FN:454,_ZNK14raptor_physics12vertex_group19project_translationEP7point_tf
FN:472,_ZNK14raptor_physics12vertex_group16project_rotationEf
FN:479,_ZNK14raptor_physics12vertex_group16project_rotationEP7point_tf
FN:504,_ZNK14raptor_physics12vertex_group29project_maximum_rotation_ontoERK7point_tS3_f
FN:544,_Z41__static_initialization_and_destruction_0ii
FN:544,_GLOBAL__sub_I_vertex_group.cc
FNDA:240,_ZN14raptor_physics12vertex_group12has_collidedEPS0_PPNS_7simplexES4_P7point_tffb
FNDA:222,_ZN14raptor_physics12vertex_group26exactly_resolve_collisionsEPS0_PPNS_7simplexES4_Pf
FNDA:24,_ZN14raptor_physics12vertex_group33conservatively_resolve_collisionsEPS0_PPNS_7simplexES4_Pf
FNDA:0,_ZNK14raptor_physics12vertex_group33close_contact_collision_detectionEPS0_PPNS_7simplexES4_PfRK7point_t
FNDA:24,_ZN14raptor_physics12vertex_group15commit_movementEf
FNDA:936,_ZNK14raptor_physics12vertex_group19project_translationEf
FNDA:960,_ZNK14raptor_physics12vertex_group19project_translationEP7point_tf
FNDA:0,_ZNK14raptor_physics12vertex_group16project_rotationEf
FNDA:24,_ZNK14raptor_physics12vertex_group16project_rotationEP7point_tf
FNDA:24,_ZNK14raptor_physics12vertex_group29project_maximum_rotation_ontoERK7point_tS3_f
FNDA:12,_ZNK14raptor_physics12vertex_group29project_maximum_movement_ontoERKS0_RK7point_tS5_S5_f
FNDA:6,_GLOBAL__sub_I_vertex_group.cc
FNDA:6,_Z41__static_initialization_and_destruction_0ii
FNF:13
FNH:11
DA:18,240
DA:21,240
DA:24,240
DA:26,0
DA:27,0
DA:28,0
DA:29,0
DA:33,480
DA:36,240
DA:37,240
DA:38,480
DA:41,240
DA:42,240
DA:43,240
DA:44,480
DA:50,222
DA:52,222
DA:55,222
DA:57,120
DA:58,120
DA:59,120
DA:62,102
DA:63,102
DA:64,204
DA:67,102
DA:68,102
DA:69,102
DA:70,102
DA:71,102
DA:74,102
DA:75,102
DA:76,102
DA:79,102
DA:81,156
DA:82,78
DA:85,24
DA:87,24
DA:88,24
DA:89,24
DA:91,0
DA:92,0
DA:97,48
DA:98,24
DA:102,0
DA:105,0
DA:106,0
DA:107,0
DA:108,0
DA:109,0
DA:111,0
DA:112,0
DA:114,0
DA:115,0
DA:116,0
DA:118,0
DA:120,0
DA:124,0
DA:125,0
DA:127,0
DA:128,0
DA:129,0
DA:131,0
DA:132,0
DA:133,0
DA:137,0
DA:138,0
DA:139,0
DA:140,0
DA:141,0
DA:145,0
DA:146,0
DA:149,0
DA:150,0
DA:152,0
DA:154,0
DA:158,0
DA:160,0
DA:161,0
DA:163,0
DA:169,0
DA:171,0
DA:172,0
DA:176,0
DA:177,0
DA:180,0
DA:181,0
DA:182,0
DA:183,0
DA:185,0
DA:186,0
DA:189,0
DA:190,0
DA:194,24
DA:196,24
DA:199,24
DA:201,12
DA:202,12
DA:203,12
DA:206,12
DA:207,12
DA:208,24
DA:212,12
DA:213,12
DA:216,12
DA:217,24
DA:218,12
DA:220,12
DA:221,12
DA:226,12
DA:227,12
DA:228,12
DA:231,12
DA:233,0
DA:235,0
DA:255,12
DA:257,24
DA:258,12
DA:262,0
DA:263,0
DA:264,0
DA:265,0
DA:267,0
DA:269,0
DA:272,0
DA:274,0
DA:275,0
DA:279,0
DA:280,0
DA:284,0
DA:285,0
DA:286,0
DA:289,0
DA:292,0
DA:295,0
DA:297,0
DA:298,0
DA:299,0
DA:305,0
DA:307,0
DA:308,0
DA:319,0
DA:341,0
DA:342,0
DA:345,0
DA:346,0
DA:347,0
DA:349,0
DA:350,0
DA:351,0
DA:355,0
DA:357,0
DA:358,0
DA:361,0
DA:363,0
DA:364,0
DA:365,0
DA:367,0
DA:368,0
DA:371,0
DA:372,0
DA:373,0
DA:376,0
DA:377,0
DA:380,0
DA:386,0
DA:387,0
DA:388,0
DA:393,0
DA:394,0
DA:396,0
DA:397,0
DA:399,0
DA:400,0
DA:401,0
DA:403,0
DA:405,0
DA:406,0
DA:407,0
DA:411,0
DA:412,0
DA:413,0
DA:417,24
DA:420,24
DA:423,24
DA:424,24
DA:427,24
DA:428,24
DA:431,24
DA:435,24
DA:436,24
DA:437,24
DA:441,24
DA:443,24
DA:447,936
DA:449,936
DA:450,936
DA:454,960
DA:457,960
DA:461,960
DA:465,960
DA:468,960
DA:472,0
DA:474,0
DA:475,0
DA:479,24
DA:482,24
DA:486,24
DA:490,24
DA:500,24
DA:504,24
DA:507,24
DA:511,24
DA:515,24
DA:516,24
DA:520,24
DA:524,24
DA:527,24
DA:531,12
DA:534,12
DA:535,12
DA:538,12
DA:539,24
DA:542,12
DA:544,18
LF:224
LH:100
end_of_record
TN:
SF:/home/bruce/work/RAPTor/common/logging.h
FN:34,_ZN14raptor_physics13method_loggerC2ERKSs
FN:39,_ZN14raptor_physics13method_loggerD2Ev
FN:68,_ZN14raptor_physics15array_to_streamIPfZNS_10lcp_solver5solveES1_EUlPSt18basic_stringstreamIcSt11char_traitsIcESaIcEEiE_PKcEESsT_SC_RKT0_T1_
FN:68,_ZN14raptor_physics15array_to_streamIPiZNKS_10lcp_solver4dumpEvEUlPSt18basic_stringstreamIcSt11char_traitsIcESaIcEEiE_PKcEESsT_SC_RKT0_T1_
FN:73,_ZZN14raptor_physics15array_to_streamIPiZNKS_10lcp_solver4dumpEvEUlPSt18basic_stringstreamIcSt11char_traitsIcESaIcEEiE_PKcEESsT_SC_RKT0_T1_ENKUlS8_iE_clES8_i
FN:73,_ZZN14raptor_physics15array_to_streamIPfZNS_10lcp_solver5solveES1_EUlPSt18basic_stringstreamIcSt11char_traitsIcESaIcEEiE_PKcEESsT_SC_RKT0_T1_ENKUlS8_fE_clES8_f
FN:80,_ZN14raptor_physics15array_to_streamIfZNKS_10lcp_solver4dumpEvEUlPSt18basic_stringstreamIcSt11char_traitsIcESaIcEEfE0_SsEESsPKT_RKT0_iiT1_
FNDA:1842,_ZN14raptor_physics13method_loggerC2ERKSs
FNDA:1842,_ZN14raptor_physics13method_loggerD2Ev
FNDA:0,_ZN14raptor_physics15array_to_streamIPiZNKS_10lcp_solver4dumpEvEUlPSt18basic_stringstreamIcSt11char_traitsIcESaIcEEiE_PKcEESsT_SC_RKT0_T1_
FNDA:0,_ZN14raptor_physics15array_to_streamIPfZNS_10lcp_solver5solveES1_EUlPSt18basic_stringstreamIcSt11char_traitsIcESaIcEEiE_PKcEESsT_SC_RKT0_T1_
FNDA:0,_ZZN14raptor_physics15array_to_streamIPiZNKS_10lcp_solver4dumpEvEUlPSt18basic_stringstreamIcSt11char_traitsIcESaIcEEiE_PKcEESsT_SC_RKT0_T1_ENKUlS8_iE_clES8_i
FNDA:0,_ZZN14raptor_physics15array_to_streamIPfZNS_10lcp_solver5solveES1_EUlPSt18basic_stringstreamIcSt11char_traitsIcESaIcEEiE_PKcEESsT_SC_RKT0_T1_ENKUlS8_fE_clES8_f
FNDA:0,_ZN14raptor_physics15array_to_streamIfZNKS_10lcp_solver4dumpEvEUlPSt18basic_stringstreamIcSt11char_traitsIcESaIcEEfE0_SsEESsPKT_RKT0_iiT1_
FNF:7
FNH:2
DA:34,1842
DA:36,3684
DA:37,1842
DA:39,1842
DA:40,1842
DA:41,3684
DA:42,1842
DA:68,0
DA:72,0
DA:73,0
DA:75,0
DA:76,0
DA:80,0
DA:82,0
DA:83,0
DA:85,0
DA:88,0
DA:89,0
LF:18
LH:7
end_of_record
SF:/home/bruce/work/RAPTor/common/quaternion_t.h
FN:145,_ZNK12quaternion_t15rotation_matrixEPf
FN:195,_ZlsRSoRK12quaternion_t
FNDA:0,_ZNK12quaternion_t15rotation_matrixEPf
FNDA:0,_ZlsRSoRK12quaternion_t
FNF:2
FNH:0
DA:145,0
DA:147,0
DA:148,0
DA:149,0
DA:150,0
DA:152,0
DA:153,0
DA:154,0
DA:156,0
DA:157,0
DA:159,0
DA:160,0
DA:161,0
DA:163,0
DA:164,0
DA:165,0
DA:167,0
DA:168,0
DA:169,0
DA:171,0
DA:195,0
DA:197,0
LF:22
LH:0
end_of_record
SF:/home/bruce/work/RAPTor/raytracer/point_t.h
FN:17,_ZN7point_tC2Efff
FN:24,_ZNK7point_tngEv
FN:32,_ZN7point_tpLERKS_
FN:59,_ZlsRSoRK7point_t
FN:75,_ZmlRK7point_tf
FN:80,_ZdvRK7point_tf
FN:85,_ZplRK7point_tS1_
FN:90,_ZmiRK7point_tS1_
FN:115,_ZmlfRK7point_t
FN:130,_Z3maxRK7point_tS1_
FN:141,_Z3minRK7point_tS1_
FN:297,_Z9magnitudeRK7point_t
FN:432,_Z13cross_productRK7point_tS1_PS_
FN:445,_Z13cross_productRK7point_tS1_
FN:456,_Z11dot_productRK7point_tS1_
FN:477,_Z9normalise7point_t
FNDA:41544,_ZN7point_tC2Efff
FNDA:1428,_ZNK7point_tngEv
FNDA:264,_ZN7point_tpLERKS_
FNDA:2592,_ZlsRSoRK7point_t
FNDA:2532,_ZmlRK7point_tf
FNDA:1368,_ZdvRK7point_tf
FNDA:3912,_ZplRK7point_tS1_
FNDA:9156,_ZmiRK7point_tS1_
FNDA:384,_ZmlfRK7point_t
FNDA:1428,_Z3maxRK7point_tS1_
FNDA:1428,_Z3minRK7point_tS1_
FNDA:2244,_Z9magnitudeRK7point_t
FNDA:240,_Z13cross_productRK7point_tS1_PS_
FNDA:2724,_Z13cross_productRK7point_tS1_
FNDA:15444,_Z11dot_productRK7point_tS1_
FNDA:96,_Z9normalise7point_t
FNF:16
FNH:16
DA:17,41544
DA:24,1428
DA:32,264
DA:59,2592
DA:61,2592
DA:75,2532
DA:77,2532
DA:80,1368
DA:82,1368
DA:85,3912
DA:87,3912
DA:90,9156
DA:92,9156
DA:115,384
DA:117,384
DA:130,1428
DA:132,1428
DA:133,1428
DA:134,1428
DA:135,1428
DA:137,1428
DA:141,1428
DA:143,1428
DA:144,1428
DA:145,1428
DA:146,1428
DA:148,1428
DA:297,2244
DA:299,2244
DA:432,240
DA:434,240
DA:435,240
DA:436,240
DA:437,240
DA:445,2724
DA:447,2724
DA:456,15444
DA:458,15444
DA:477,96
DA:479,96
DA:480,96
DA:481,96
DA:482,96
DA:483,96
LF:44
LH:44
end_of_record
SF:/home/bruce/work/lib/boost_1_54_0/boost/log/core/core.hpp
DA:308,10032
LF:1
LH:1
end_of_record
SF:/home/bruce/work/lib/boost_1_54_0/boost/log/core/record.hpp
FN:66,_ZN5boost3log11v2_mt_posix6recordC2Ev
FN:79,_ZN5boost3log11v2_mt_posix6recordD2Ev
FN:125,_ZNK5boost3log11v2_mt_posix6recordntEv
FN:149,_ZN5boost3log11v2_mt_posix6record5resetEv
FNDA:0,_ZN5boost3log11v2_mt_posix6recordC2Ev
FNDA:10032,_ZN5boost3log11v2_mt_posix6recordD2Ev
FNDA:20064,_ZNK5boost3log11v2_mt_posix6recordntEv
FNDA:10032,_ZN5boost3log11v2_mt_posix6record5resetEv
FNF:4
FNH:3
DA:66,0
DA:79,10032
DA:81,10032
DA:82,10032
DA:125,20064
DA:127,20064
DA:149,10032
DA:151,10032
DA:153,0
DA:154,0
DA:156,10032
LF:11
LH:8
end_of_record
SF:/home/bruce/work/lib/boost_1_54_0/boost/log/detail/attachable_sstream_buf.hpp
FN:109,_ZNK5boost3log11v2_mt_posix3aux22basic_ostringstreambufIcSt11char_traitsIcESaIcEE7storageEv
FNDA:17298,_ZNK5boost3log11v2_mt_posix3aux22basic_ostringstreambufIcSt11char_traitsIcESaIcEE7storageEv
FNF:1
FNH:1
DA:109,17298
LF:1
LH:1
end_of_record
SF:/home/bruce/work/lib/boost_1_54_0/boost/log/detail/code_conversion.hpp
FN:59,_ZN5boost3log11v2_mt_posix3aux12code_convertIcSt11char_traitsIcESaIcEEEvPKT_mRSbIS7_T0_T1_ERKSt6locale
FNDA:17298,_ZN5boost3log11v2_mt_posix3aux12code_convertIcSt11char_traitsIcESaIcEEEvPKT_mRSbIS7_T0_T1_ERKSt6locale
FNF:1
FNH:1
DA:59,17298
DA:61,17298
DA:62,17298
LF:3
LH:3
end_of_record
SF:/home/bruce/work/lib/boost_1_54_0/boost/log/detail/light_rw_mutex.hpp
FN:142,_ZN5boost3log11v2_mt_posix3aux14light_rw_mutex11lock_sharedEv
FN:146,_ZN5boost3log11v2_mt_posix3aux14light_rw_mutex13unlock_sharedEv
FNDA:10032,_ZN5boost3log11v2_mt_posix3aux14light_rw_mutex11lock_sharedEv
FNDA:10032,_ZN5boost3log11v2_mt_posix3aux14light_rw_mutex13unlock_sharedEv
FNF:2
FNH:2
DA:142,10032
DA:144,10032
DA:145,10032
DA:146,10032
DA:148,10032
DA:149,10032
LF:6
LH:6
end_of_record
SF:/home/bruce/work/lib/boost_1_54_0/boost/log/detail/locks.hpp
FN:56,_ZN5boost3log11v2_mt_posix7no_lockINS1_7sources18multi_thread_modelINS1_3aux14light_rw_mutexEEEEC2ERS7_
FN:120,_ZN5boost3log11v2_mt_posix3aux17shared_lock_guardINS1_7sources18multi_thread_modelINS2_14light_rw_mutexEEEEC2ERS7_
FN:124,_ZN5boost3log11v2_mt_posix3aux17shared_lock_guardINS1_7sources18multi_thread_modelINS2_14light_rw_mutexEEEED2Ev
FNDA:10032,_ZN5boost3log11v2_mt_posix7no_lockINS1_7sources18multi_thread_modelINS1_3aux14light_rw_mutexEEEEC2ERS7_
FNDA:10032,_ZN5boost3log11v2_mt_posix3aux17shared_lock_guardINS1_7sources18multi_thread_modelINS2_14light_rw_mutexEEEEC2ERS7_
FNDA:10032,_ZN5boost3log11v2_mt_posix3aux17shared_lock_guardINS1_7sources18multi_thread_modelINS2_14light_rw_mutexEEEED2Ev
FNF:3
FNH:3
DA:56,10032
DA:120,10032
DA:122,10032
DA:123,10032
DA:124,10032
DA:126,10032
DA:127,10032
LF:7
LH:7
end_of_record
SF:/home/bruce/work/lib/boost_1_54_0/boost/log/sources/basic_logger.hpp
FN:180,_ZNK5boost3log11v2_mt_posix7sources12basic_loggerIcNS2_18severity_logger_mtINS1_7trivial14severity_levelEEENS2_18multi_thread_modelINS1_3aux14light_rw_mutexEEEE4coreEv
FN:192,_ZN5boost3log11v2_mt_posix7sources12basic_loggerIcNS2_18severity_logger_mtINS1_7trivial14severity_levelEEENS2_18multi_thread_modelINS1_3aux14light_rw_mutexEEEE19get_threading_modelEv
FN:258,_ZN5boost3log11v2_mt_posix7sources12basic_loggerIcNS2_18severity_logger_mtINS1_7trivial14severity_levelEEENS2_18multi_thread_modelINS1_3aux14light_rw_mutexEEEE20open_record_unlockedINS_9parameter3aux15tagged_argumentINS1_8keywords3tag8severityEKS6_EEEENS1_6recordERKT_
FN:266,_ZN5boost3log11v2_mt_posix7sources12basic_loggerIcNS2_18severity_logger_mtINS1_7trivial14severity_levelEEENS2_18multi_thread_modelINS1_3aux14light_rw_mutexEEEE20push_record_unlockedEONS1_6recordE
FN:454,_ZN5boost3log11v2_mt_posix7sources22basic_composite_loggerIcNS2_18severity_logger_mtINS1_7trivial14severity_levelEEENS2_18multi_thread_modelINS1_3aux14light_rw_mutexEEENS2_8featuresIINS2_8severityIS6_EEEEEE11open_recordINS_9parameter3aux15tagged_argumentINS1_8keywords3tag8severityEKS6_EEEENS1_6recordERKT_
FN:470,_ZN5boost3log11v2_mt_posix7sources22basic_composite_loggerIcNS2_18severity_logger_mtINS1_7trivial14severity_levelEEENS2_18multi_thread_modelINS1_3aux14light_rw_mutexEEENS2_8featuresIINS2_8severityIS6_EEEEEE11push_recordEONS1_6recordE
FNDA:10032,_ZNK5boost3log11v2_mt_posix7sources12basic_loggerIcNS2_18severity_logger_mtINS1_7trivial14severity_levelEEENS2_18multi_thread_modelINS1_3aux14light_rw_mutexEEEE4coreEv
FNDA:20064,_ZN5boost3log11v2_mt_posix7sources12basic_loggerIcNS2_18severity_logger_mtINS1_7trivial14severity_levelEEENS2_18multi_thread_modelINS1_3aux14light_rw_mutexEEEE19get_threading_modelEv
FNDA:10032,_ZN5boost3log11v2_mt_posix7sources12basic_loggerIcNS2_18severity_logger_mtINS1_7trivial14severity_levelEEENS2_18multi_thread_modelINS1_3aux14light_rw_mutexEEEE20open_record_unlockedINS_9parameter3aux15tagged_argumentINS1_8keywords3tag8severityEKS6_EEEENS1_6recordERKT_
FNDA:10032,_ZN5boost3log11v2_mt_posix7sources12basic_loggerIcNS2_18severity_logger_mtINS1_7trivial14severity_levelEEENS2_18multi_thread_modelINS1_3aux14light_rw_mutexEEEE20push_record_unlockedEONS1_6recordE
FNDA:10032,_ZN5boost3log11v2_mt_posix7sources22basic_composite_loggerIcNS2_18severity_logger_mtINS1_7trivial14severity_levelEEENS2_18multi_thread_modelINS1_3aux14light_rw_mutexEEENS2_8featuresIINS2_8severityIS6_EEEEEE11open_recordINS_9parameter3aux15tagged_argumentINS1_8keywords3tag8severityEKS6_EEEENS1_6recordERKT_
FNDA:10032,_ZN5boost3log11v2_mt_posix7sources22basic_composite_loggerIcNS2_18severity_logger_mtINS1_7trivial14severity_levelEEENS2_18multi_thread_modelINS1_3aux14light_rw_mutexEEENS2_8featuresIINS2_8severityIS6_EEEEEE11push_recordEONS1_6recordE
FNF:6
FNH:6
DA:180,10032
DA:192,20064
DA:258,10032
DA:260,10032
DA:266,10032
DA:268,10032
DA:269,10032
DA:454,10032
DA:457,10032
DA:459,10032
DA:460,10032
DA:463,0
DA:470,10032
DA:472,10032
DA:473,10032
DA:474,10032
LF:16
LH:15
end_of_record
SF:/home/bruce/work/lib/boost_1_54_0/boost/log/sources/record_ostream.hpp
FN:124,_ZN5boost3log11v2_mt_posix20basic_record_ostreamIcE10get_recordEv
FN:242,_ZN5boost3log11v2_mt_posix3aux11record_pumpINS1_7sources18severity_logger_mtINS1_7trivial14severity_levelEEEE12auto_releaseC2EPNS2_15stream_providerIcE15stream_compoundE
FN:243,_ZN5boost3log11v2_mt_posix3aux11record_pumpINS1_7sources18severity_logger_mtINS1_7trivial14severity_levelEEEE12auto_releaseD2Ev
FN:256,_ZN5boost3log11v2_mt_posix3aux11record_pumpINS1_7sources18severity_logger_mtINS1_7trivial14severity_levelEEEEC2ERS8_RNS1_6recordE
FN:272,_ZN5boost3log11v2_mt_posix3aux11record_pumpINS1_7sources18severity_logger_mtINS1_7trivial14severity_levelEEEED2Ev
FN:284,_ZNK5boost3log11v2_mt_posix3aux11record_pumpINS1_7sources18severity_logger_mtINS1_7trivial14severity_levelEEEE6streamEv
FNDA:10032,_ZN5boost3log11v2_mt_posix20basic_record_ostreamIcE10get_recordEv
FNDA:10032,_ZN5boost3log11v2_mt_posix3aux11record_pumpINS1_7sources18severity_logger_mtINS1_7trivial14severity_levelEEEE12auto_releaseC2EPNS2_15stream_providerIcE15stream_compoundE
FNDA:10032,_ZN5boost3log11v2_mt_posix3aux11record_pumpINS1_7sources18severity_logger_mtINS1_7trivial14severity_levelEEEE12auto_releaseD2Ev
FNDA:10032,_ZN5boost3log11v2_mt_posix3aux11record_pumpINS1_7sources18severity_logger_mtINS1_7trivial14severity_levelEEEEC2ERS8_RNS1_6recordE
FNDA:10032,_ZN5boost3log11v2_mt_posix3aux11record_pumpINS1_7sources18severity_logger_mtINS1_7trivial14severity_levelEEEED2Ev
FNDA:10032,_ZNK5boost3log11v2_mt_posix3aux11record_pumpINS1_7sources18severity_logger_mtINS1_7trivial14severity_levelEEEE6streamEv
FNF:6
FNH:6
DA:124,10032
DA:126,10032
DA:127,10032
DA:128,10032
DA:242,10032
DA:243,10032
DA:256,10032
DA:257,10032
DA:258,10032
DA:259,20064
DA:261,10032
DA:272,10032
DA:274,10032
DA:276,10032
DA:278,10032
DA:279,10032
DA:281,10032
DA:284,10032
DA:286,10032
DA:287,10032
DA:294,4548
LF:21
LH:21
end_of_record
SF:/home/bruce/work/lib/boost_1_54_0/boost/log/sources/severity_feature.hpp
FN:133,_ZN5boost3log11v2_mt_posix7sources3aux14severity_levelINS1_7trivial14severity_levelEE9set_valueES6_
FN:250,_ZN5boost3log11v2_mt_posix7sources21basic_severity_loggerINS2_12basic_loggerIcNS2_18severity_logger_mtINS1_7trivial14severity_levelEEENS2_18multi_thread_modelINS1_3aux14light_rw_mutexEEEEES7_E20open_record_unlockedINS_9parameter3aux15tagged_argumentINS1_8keywords3tag8severityEKS7_EEEENS1_6recordERKT_
FNDA:10032,_ZN5boost3log11v2_mt_posix7sources3aux14severity_levelINS1_7trivial14severity_levelEE9set_valueES6_
FNDA:10032,_ZN5boost3log11v2_mt_posix7sources21basic_severity_loggerINS2_12basic_loggerIcNS2_18severity_logger_mtINS1_7trivial14severity_levelEEENS2_18multi_thread_modelINS1_3aux14light_rw_mutexEEEEES7_E20open_record_unlockedINS_9parameter3aux15tagged_argumentINS1_8keywords3tag8severityEKS7_EEEENS1_6recordERKT_
FNF:2
FNH:2
DA:133,10032
DA:135,10032
DA:136,10032
DA:250,10032
DA:252,10032
DA:253,10032
LF:6
LH:6
end_of_record
SF:/home/bruce/work/lib/boost_1_54_0/boost/log/sources/threading_models.hpp
FN:74,_ZNK5boost3log11v2_mt_posix7sources18multi_thread_modelINS1_3aux14light_rw_mutexEE11lock_sharedEv
FN:78,_ZNK5boost3log11v2_mt_posix7sources18multi_thread_modelINS1_3aux14light_rw_mutexEE13unlock_sharedEv
FNDA:10032,_ZNK5boost3log11v2_mt_posix7sources18multi_thread_modelINS1_3aux14light_rw_mutexEE11lock_sharedEv
FNDA:10032,_ZNK5boost3log11v2_mt_posix7sources18multi_thread_modelINS1_3aux14light_rw_mutexEE13unlock_sharedEv
FNF:2
FNH:2
DA:74,10032
DA:78,10032
LF:2
LH:2
end_of_record
SF:/home/bruce/work/lib/boost_1_54_0/boost/log/utility/formatting_ostream.hpp
FN:114,_ZN5boost3log11v2_mt_posix24basic_formatting_ostreamIcSt11char_traitsIcESaIcEE6sentryD2Ev
FN:120,_ZN5boost3log11v2_mt_posix24basic_formatting_ostreamIcSt11char_traitsIcESaIcEE6sentryC2ERS6_
FN:247,_ZN5boost3log11v2_mt_posix24basic_formatting_ostreamIcSt11char_traitsIcESaIcEE6streamEv
FN:316,_ZN5boost3log11v2_mt_posix24basic_formatting_ostreamIcSt11char_traitsIcESaIcEE5flushEv
FN:390,_ZN5boost3log11v2_mt_posix24basic_formatting_ostreamIcSt11char_traitsIcESaIcEElsEPKc
FN:451,_ZN5boost3log11v2_mt_posix24basic_formatting_ostreamIcSt11char_traitsIcESaIcEElsEi
FN:456,_ZN5boost3log11v2_mt_posix24basic_formatting_ostreamIcSt11char_traitsIcESaIcEElsEj
FN:484,_ZN5boost3log11v2_mt_posix24basic_formatting_ostreamIcSt11char_traitsIcESaIcEElsEf
FN:489,_ZN5boost3log11v2_mt_posix24basic_formatting_ostreamIcSt11char_traitsIcESaIcEElsEd
FN:514,_ZN5boost3log11v2_mt_posixlsIcSt11char_traitsIcESaIcEEENS1_3aux19enable_if_char_typeIT_RNS1_24basic_formatting_ostreamIcS4_S5_EEE4typeESB_RKSbIS8_T0_T1_E
FN:549,_ZN5boost3log11v2_mt_posix24basic_formatting_ostreamIcSt11char_traitsIcESaIcEE15formatted_writeIcEERS6_PKT_l
FN:662,_ZN5boost3log11v2_mt_posixlsIcSt11char_traitsIcESaIcE12quaternion_tEERNS1_24basic_formatting_ostreamIT_T0_T1_EESC_RKT2_
FN:662,_ZN5boost3log11v2_mt_posixlsIcSt11char_traitsIcESaIcE7point_tEERNS1_24basic_formatting_ostreamIT_T0_T1_EESC_RKT2_
FNDA:17298,_ZN5boost3log11v2_mt_posix24basic_formatting_ostreamIcSt11char_traitsIcESaIcEE6sentryD2Ev
FNDA:17298,_ZN5boost3log11v2_mt_posix24basic_formatting_ostreamIcSt11char_traitsIcESaIcEE6sentryC2ERS6_
FNDA:19602,_ZN5boost3log11v2_mt_posix24basic_formatting_ostreamIcSt11char_traitsIcESaIcEE6streamEv
FNDA:10032,_ZN5boost3log11v2_mt_posix24basic_formatting_ostreamIcSt11char_traitsIcESaIcEE5flushEv
FNDA:13518,_ZN5boost3log11v2_mt_posix24basic_formatting_ostreamIcSt11char_traitsIcESaIcEElsEPKc
FNDA:2160,_ZN5boost3log11v2_mt_posix24basic_formatting_ostreamIcSt11char_traitsIcESaIcEElsEi
FNDA:48,_ZN5boost3log11v2_mt_posix24basic_formatting_ostreamIcSt11char_traitsIcESaIcEElsEj
FNDA:3960,_ZN5boost3log11v2_mt_posix24basic_formatting_ostreamIcSt11char_traitsIcESaIcEElsEf
FNDA:0,_ZN5boost3log11v2_mt_posix24basic_formatting_ostreamIcSt11char_traitsIcESaIcEElsEd
FNDA:3780,_ZN5boost3log11v2_mt_posixlsIcSt11char_traitsIcESaIcEEENS1_3aux19enable_if_char_typeIT_RNS1_24basic_formatting_ostreamIcS4_S5_EEE4typeESB_RKSbIS8_T0_T1_E
FNDA:17298,_ZN5boost3log11v2_mt_posix24basic_formatting_ostreamIcSt11char_traitsIcESaIcEE15formatted_writeIcEERS6_PKT_l
FNDA:0,_ZN5boost3log11v2_mt_posixlsIcSt11char_traitsIcESaIcE12quaternion_tEERNS1_24basic_formatting_ostreamIT_T0_T1_EESC_RKT2_
FNDA:2304,_ZN5boost3log11v2_mt_posixlsIcSt11char_traitsIcESaIcE7point_tEERNS1_24basic_formatting_ostreamIT_T0_T1_EESC_RKT2_
FNF:13
FNH:11
DA:114,17298
DA:120,17298
DA:122,17298
DA:247,19602
DA:316,10032
DA:318,10032
DA:319,10032
DA:390,13518
DA:392,13518
DA:451,2160
DA:453,2160
DA:454,2160
DA:456,48
DA:458,48
DA:459,48
DA:484,3960
DA:486,3960
DA:487,3960
DA:489,0
DA:491,0
DA:492,0
DA:514,3780
DA:516,3780
DA:549,17298
DA:551,17298
DA:552,17298
DA:554,17298
DA:555,17298
DA:557,17298
DA:558,17298
DA:560,17298
DA:564,0
DA:566,0
DA:567,0
DA:568,0
DA:570,0
DA:572,0
DA:573,0
DA:576,17298
DA:579,17298
DA:662,2304
DA:664,2304
DA:665,2304
LF:43
LH:33
end_of_record
SF:/home/bruce/work/lib/boost_1_54_0/boost/move/utility.hpp
FN:138,_ZN5boost4moveIRNS_3log11v2_mt_posix6recordEEEONS_16remove_referenceIT_E4typeEOS6_
FNDA:30096,_ZN5boost4moveIRNS_3log11v2_mt_posix6recordEEEONS_16remove_referenceIT_E4typeEOS6_
FNF:1
FNH:1
DA:138,30096
DA:139,30096
LF:2
LH:2
end_of_record
SF:/home/bruce/work/lib/boost_1_54_0/boost/noncopyable.hpp
FN:27,_ZN5boost12noncopyable_11noncopyableC2Ev
FNDA:1020,_ZN5boost12noncopyable_11noncopyableC2Ev
FNF:1
FNH:1
DA:27,1020
LF:1
LH:1
end_of_record
SF:/home/bruce/work/lib/boost_1_54_0/boost/parameter/aux_/default.hpp
FN:18,_ZN5boost9parameter3aux8default_INS_3log11v2_mt_posix8keywords3tag8severityENS4_7trivial14severity_levelEEC2ERS9_
FNDA:10032,_ZN5boost9parameter3aux8default_INS_3log11v2_mt_posix8keywords3tag8severityENS4_7trivial14severity_levelEEC2ERS9_
FNF:1
FNH:1
DA:18,10032
DA:19,10032
DA:20,10032
LF:3
LH:3
end_of_record
SF:/home/bruce/work/lib/boost_1_54_0/boost/parameter/aux_/tagged_argument.hpp
FN:25,_ZN5boost9parameter3aux20tagged_argument_baseC2Ev
FN:37,_ZN5boost9parameter3aux15tagged_argumentINS_3log11v2_mt_posix8keywords3tag8severityEKNS4_7trivial14severity_levelEEC2ERSA_
FN:123,_ZNK5boost9parameter3aux15tagged_argumentINS_3log11v2_mt_posix8keywords3tag8severityEKNS4_7trivial14severity_levelEEixIS9_EERSA_RKNS1_8default_IS7_T_EE
FNDA:10032,_ZN5boost9parameter3aux20tagged_argument_baseC2Ev
FNDA:10032,_ZN5boost9parameter3aux15tagged_argumentINS_3log11v2_mt_posix8keywords3tag8severityEKNS4_7trivial14severity_levelEEC2ERSA_
FNDA:10032,_ZNK5boost9parameter3aux15tagged_argumentINS_3log11v2_mt_posix8keywords3tag8severityEKNS4_7trivial14severity_levelEEixIS9_EERSA_RKNS1_8default_IS7_T_EE
FNF:3
FNH:3
DA:25,10032
DA:37,10032
DA:123,10032
DA:125,10032
LF:4
LH:4
end_of_record
SF:/home/bruce/work/lib/boost_1_54_0/boost/parameter/keyword.hpp
FN:43,_ZNK5boost9parameter7keywordINS_3log11v2_mt_posix8keywords3tag8severityEEorINS3_7trivial14severity_levelEEENS0_3aux8default_IS6_T_EERSD_
FN:58,_ZNK5boost9parameter7keywordINS_3log11v2_mt_posix8keywords3tag8severityEEaSINS3_7trivial14severity_levelEEEKNS0_3aux3tagIS6_KT_E4typeERSE_
FNDA:10032,_ZNK5boost9parameter7keywordINS_3log11v2_mt_posix8keywords3tag8severityEEorINS3_7trivial14severity_levelEEENS0_3aux8default_IS6_T_EERSD_
FNDA:10032,_ZNK5boost9parameter7keywordINS_3log11v2_mt_posix8keywords3tag8severityEEaSINS3_7trivial14severity_levelEEEKNS0_3aux3tagIS6_KT_E4typeERSE_
FNF:2
FNH:2
DA:43,10032
DA:45,10032
DA:58,10032
DA:61,10032
LF:4
LH:4
end_of_record
SF:/home/bruce/work/lib/boost_1_54_0/boost/smart_ptr/shared_ptr.hpp
FN:651,_ZNK5boost10shared_ptrINS_3log11v2_mt_posix4coreEEptEv
FNDA:30102,_ZNK5boost10shared_ptrINS_3log11v2_mt_posix4coreEEptEv
FNF:1
FNH:1
DA:651,30102
DA:653,30102
DA:654,30102
LF:3
LH:3
end_of_record
SF:/home/bruce/work/lib/boost_1_54_0/boost/utility/addressof.hpp
FN:28,_ZN5boost6detail13addr_impl_refINS_3log11v2_mt_posix7sources18severity_logger_mtINS3_7trivial14severity_levelEEEEC2ERS8_
FN:29,_ZNK5boost6detail13addr_impl_refINS_3log11v2_mt_posix7sources18severity_logger_mtINS3_7trivial14severity_levelEEEEcvRS8_Ev
FN:37,_ZN5boost6detail14addressof_implINS_3log11v2_mt_posix7sources18severity_logger_mtINS3_7trivial14severity_levelEEEE1fERS8_l
FN:51,_ZN5boost9addressofINS_3log11v2_mt_posix7sources18severity_logger_mtINS2_7trivial14severity_levelEEEEEPT_RS8_
FNDA:10032,_ZN5boost6detail13addr_impl_refINS_3log11v2_mt_posix7sources18severity_logger_mtINS3_7trivial14severity_levelEEEEC2ERS8_
FNDA:10032,_ZNK5boost6detail13addr_impl_refINS_3log11v2_mt_posix7sources18severity_logger_mtINS3_7trivial14severity_levelEEEEcvRS8_Ev
FNDA:10032,_ZN5boost6detail14addressof_implINS_3log11v2_mt_posix7sources18severity_logger_mtINS3_7trivial14severity_levelEEEE1fERS8_l
FNDA:10032,_ZN5boost9addressofINS_3log11v2_mt_posix7sources18severity_logger_mtINS2_7trivial14severity_levelEEEEEPT_RS8_
FNF:4
FNH:4
DA:28,10032
DA:29,10032
DA:37,10032
DA:40,10032
DA:51,10032
DA:59,10032
LF:6
LH:6
end_of_record
SF:/usr/include/c++/4.8/bits/alloc_traits.h
FN:253,_ZNSt16allocator_traitsISaIPN14raptor_physics7vg_metaEEE12_S_constructIS2_IRKS2_EEENSt9enable_ifIXsrNS4_18__construct_helperIT_IDpT0_EEE5valueEvE4typeERS3_PSA_DpOSB_
FN:253,_ZNSt16allocator_traitsISaISt4pairIPN14raptor_physics7vg_metaESt6vectorINS1_18contact_graph_edgeESaIS5_EEEEE12_S_constructIS8_IS8_EEENSt9enable_ifIXsrNSA_18__construct_helperIT_IDpT0_EEE5valueEvE4typeERS9_PSE_DpOSF_
FN:253,_ZNSt16allocator_traitsISaISt13_Rb_tree_nodeISt4pairIKPN14raptor_physics7vg_metaEPNS2_13tracking_infoIS3_EEEEEE12_S_constructISA_IRKS9_EEENSt9enable_ifIXsrNSC_18__construct_helperIT_IDpT0_EEE5valueEvE4typeERSB_PSI_DpOSJ_
FN:253,_ZNSt16allocator_traitsISaISt13_Rb_tree_nodeISt4pairIKPN14raptor_physics7vg_metaEPNS2_13tracking_infoIS3_EEEEEE12_S_constructISA_IRKSt21piecewise_construct_tSt5tupleIIRS5_EESH_IIEEEEENSt9enable_ifIXsrNSC_18__construct_helperIT_IDpT0_EEE5valueEvE4typeERSB_PSN_DpOSO_
FN:253,_ZNSt16allocator_traitsISaISt13_Rb_tree_nodeISt4pairIKPN14raptor_physics7vg_metaEPNS2_14collision_infoEEEEE12_S_constructIS9_IRKS8_EEENSt9enable_ifIXsrNSB_18__construct_helperIT_IDpT0_EEE5valueEvE4typeERSA_PSH_DpOSI_
FN:253,_ZNSt16allocator_traitsISaIN14raptor_physics18contact_graph_edgeEEE12_S_constructIS1_IRKPNS0_14collision_infoERiS9_EEENSt9enable_ifIXsrNS3_18__construct_helperIT_IDpT0_EEE5valueEvE4typeERS2_PSC_DpOSD_
FN:253,_ZNSt16allocator_traitsISaIN14raptor_physics18contact_graph_edgeEEE12_S_constructIS1_IPNS0_14collision_infoERKiRiEEENSt9enable_ifIXsrNS3_18__construct_helperIT_IDpT0_EEE5valueEvE4typeERS2_PSC_DpOSD_
FN:280,_ZNSt16allocator_traitsISaIPN14raptor_physics7vg_metaEEE10_S_destroyIS2_EENSt9enable_ifIXsrNS4_16__destroy_helperIT_EE5valueEvE4typeERS3_PS8_
FN:280,_ZNSt16allocator_traitsISaIN14raptor_physics18contact_graph_edgeEEE10_S_destroyIS1_EENSt9enable_ifIXsrNS3_16__destroy_helperIT_EE5valueEvE4typeERS2_PS7_
FN:280,_ZNSt16allocator_traitsISaISt4pairIPN14raptor_physics7vg_metaESt6vectorINS1_18contact_graph_edgeESaIS5_EEEEE10_S_destroyIS8_EENSt9enable_ifIXsrNSA_16__destroy_helperIT_EE5valueEvE4typeERS9_PSE_
FN:305,_ZNSt16allocator_traitsISaIN14raptor_physics18contact_graph_edgeEEE11_S_max_sizeIKS2_EENSt9enable_ifIXsrNS3_16__maxsize_helperIT_EE5valueEmE4typeERS8_
FN:305,_ZNSt16allocator_traitsISaIPN14raptor_physics7vg_metaEEE11_S_max_sizeIKS3_EENSt9enable_ifIXsrNS4_16__maxsize_helperIT_EE5valueEmE4typeERS9_
FN:305,_ZNSt16allocator_traitsISaISt4pairIPN14raptor_physics7vg_metaESt6vectorINS1_18contact_graph_edgeESaIS5_EEEEE11_S_max_sizeIKS9_EENSt9enable_ifIXsrNSA_16__maxsize_helperIT_EE5valueEmE4typeERSF_
FN:391,_ZNSt16allocator_traitsISaISt13_Rb_tree_nodeISt4pairIKPN14raptor_physics7vg_metaEPNS2_14collision_infoEEEEE9constructIS9_IRKS8_EEEDTcl12_S_constructfp_fp0_spcl7forwardIT0_Efp1_EEERSA_PT_DpOSF_
FN:391,_ZNSt16allocator_traitsISaISt13_Rb_tree_nodeISt4pairIKPN14raptor_physics7vg_metaEPNS2_13tracking_infoIS3_EEEEEE9constructISA_IRKS9_EEEDTcl12_S_constructfp_fp0_spcl7forwardIT0_Efp1_EEERSB_PT_DpOSG_
FN:391,_ZNSt16allocator_traitsISaIN14raptor_physics18contact_graph_edgeEEE9constructIS1_IRKPNS0_14collision_infoERiS9_EEEDTcl12_S_constructfp_fp0_spcl7forwardIT0_Efp1_EEERS2_PT_DpOSA_
FN:391,_ZNSt16allocator_traitsISaISt4pairIPN14raptor_physics7vg_metaESt6vectorINS1_18contact_graph_edgeESaIS5_EEEEE9constructIS8_IS8_EEEDTcl12_S_constructfp_fp0_spcl7forwardIT0_Efp1_EEERS9_PT_DpOSC_
FN:391,_ZNSt16allocator_traitsISaIN14raptor_physics18contact_graph_edgeEEE9constructIS1_IPNS0_14collision_infoERKiRiEEEDTcl12_S_constructfp_fp0_spcl7forwardIT0_Efp1_EEERS2_PT_DpOSA_
FN:391,_ZNSt16allocator_traitsISaISt13_Rb_tree_nodeISt4pairIKPN14raptor_physics7vg_metaEPNS2_13tracking_infoIS3_EEEEEE9constructISA_IRKSt21piecewise_construct_tSt5tupleIIRS5_EESH_IIEEEEEDTcl12_S_constructfp_fp0_spcl7forwardIT0_Efp1_EEERSB_PT_DpOSL_
FN:391,_ZNSt16allocator_traitsISaIPN14raptor_physics7vg_metaEEE9constructIS2_IRKS2_EEEDTcl12_S_constructfp_fp0_spcl7forwardIT0_Efp1_EEERS3_PT_DpOS8_
FN:404,_ZNSt16allocator_traitsISaISt4pairIPN14raptor_physics7vg_metaESt6vectorINS1_18contact_graph_edgeESaIS5_EEEEE7destroyIS8_EEvRS9_PT_
FN:404,_ZNSt16allocator_traitsISaIPN14raptor_physics7vg_metaEEE7destroyIS2_EEvRS3_PT_
FN:404,_ZNSt16allocator_traitsISaIN14raptor_physics18contact_graph_edgeEEE7destroyIS1_EEvRS2_PT_
FN:415,_ZNSt16allocator_traitsISaIPN14raptor_physics7vg_metaEEE8max_sizeERKS3_
FN:415,_ZNSt16allocator_traitsISaIN14raptor_physics18contact_graph_edgeEEE8max_sizeERKS2_
FN:415,_ZNSt16allocator_traitsISaISt4pairIPN14raptor_physics7vg_metaESt6vectorINS1_18contact_graph_edgeESaIS5_EEEEE8max_sizeERKS9_
FNDA:48,_ZNSt16allocator_traitsISaISt13_Rb_tree_nodeISt4pairIKPN14raptor_physics7vg_metaEPNS2_14collision_infoEEEEE12_S_constructIS9_IRKS8_EEENSt9enable_ifIXsrNSB_18__construct_helperIT_IDpT0_EEE5valueEvE4typeERSA_PSH_DpOSI_
FNDA:0,_ZNSt16allocator_traitsISaIN14raptor_physics18contact_graph_edgeEEE12_S_constructIS1_IPNS0_14collision_infoERKiRiEEENSt9enable_ifIXsrNS3_18__construct_helperIT_IDpT0_EEE5valueEvE4typeERS2_PSC_DpOSD_
FNDA:0,_ZNSt16allocator_traitsISaIN14raptor_physics18contact_graph_edgeEEE12_S_constructIS1_IRKPNS0_14collision_infoERiS9_EEENSt9enable_ifIXsrNS3_18__construct_helperIT_IDpT0_EEE5valueEvE4typeERS2_PSC_DpOSD_
FNDA:0,_ZNSt16allocator_traitsISaISt4pairIPN14raptor_physics7vg_metaESt6vectorINS1_18contact_graph_edgeESaIS5_EEEEE12_S_constructIS8_IS8_EEENSt9enable_ifIXsrNSA_18__construct_helperIT_IDpT0_EEE5valueEvE4typeERS9_PSE_DpOSF_
FNDA:36,_ZNSt16allocator_traitsISaISt13_Rb_tree_nodeISt4pairIKPN14raptor_physics7vg_metaEPNS2_13tracking_infoIS3_EEEEEE12_S_constructISA_IRKS9_EEENSt9enable_ifIXsrNSC_18__construct_helperIT_IDpT0_EEE5valueEvE4typeERSB_PSI_DpOSJ_
FNDA:0,_ZNSt16allocator_traitsISaIPN14raptor_physics7vg_metaEEE12_S_constructIS2_IRKS2_EEENSt9enable_ifIXsrNS4_18__construct_helperIT_IDpT0_EEE5valueEvE4typeERS3_PSA_DpOSB_
FNDA:0,_ZNSt16allocator_traitsISaISt13_Rb_tree_nodeISt4pairIKPN14raptor_physics7vg_metaEPNS2_13tracking_infoIS3_EEEEEE12_S_constructISA_IRKSt21piecewise_construct_tSt5tupleIIRS5_EESH_IIEEEEENSt9enable_ifIXsrNSC_18__construct_helperIT_IDpT0_EEE5valueEvE4typeERSB_PSN_DpOSO_
FNDA:0,_ZNSt16allocator_traitsISaIN14raptor_physics18contact_graph_edgeEEE10_S_destroyIS1_EENSt9enable_ifIXsrNS3_16__destroy_helperIT_EE5valueEvE4typeERS2_PS7_
FNDA:0,_ZNSt16allocator_traitsISaISt4pairIPN14raptor_physics7vg_metaESt6vectorINS1_18contact_graph_edgeESaIS5_EEEEE10_S_destroyIS8_EENSt9enable_ifIXsrNSA_16__destroy_helperIT_EE5valueEvE4typeERS9_PSE_
FNDA:0,_ZNSt16allocator_traitsISaIPN14raptor_physics7vg_metaEEE10_S_destroyIS2_EENSt9enable_ifIXsrNS4_16__destroy_helperIT_EE5valueEvE4typeERS3_PS8_
FNDA:0,_ZNSt16allocator_traitsISaIN14raptor_physics18contact_graph_edgeEEE11_S_max_sizeIKS2_EENSt9enable_ifIXsrNS3_16__maxsize_helperIT_EE5valueEmE4typeERS8_
FNDA:0,_ZNSt16allocator_traitsISaISt4pairIPN14raptor_physics7vg_metaESt6vectorINS1_18contact_graph_edgeESaIS5_EEEEE11_S_max_sizeIKS9_EENSt9enable_ifIXsrNSA_16__maxsize_helperIT_EE5valueEmE4typeERSF_
FNDA:0,_ZNSt16allocator_traitsISaIPN14raptor_physics7vg_metaEEE11_S_max_sizeIKS3_EENSt9enable_ifIXsrNS4_16__maxsize_helperIT_EE5valueEmE4typeERS9_
FNDA:48,_ZNSt16allocator_traitsISaISt13_Rb_tree_nodeISt4pairIKPN14raptor_physics7vg_metaEPNS2_14collision_infoEEEEE9constructIS9_IRKS8_EEEDTcl12_S_constructfp_fp0_spcl7forwardIT0_Efp1_EEERSA_PT_DpOSF_
FNDA:0,_ZNSt16allocator_traitsISaIN14raptor_physics18contact_graph_edgeEEE9constructIS1_IPNS0_14collision_infoERKiRiEEEDTcl12_S_constructfp_fp0_spcl7forwardIT0_Efp1_EEERS2_PT_DpOSA_
FNDA:0,_ZNSt16allocator_traitsISaIN14raptor_physics18contact_graph_edgeEEE9constructIS1_IRKPNS0_14collision_infoERiS9_EEEDTcl12_S_constructfp_fp0_spcl7forwardIT0_Efp1_EEERS2_PT_DpOSA_
FNDA:0,_ZNSt16allocator_traitsISaISt4pairIPN14raptor_physics7vg_metaESt6vectorINS1_18contact_graph_edgeESaIS5_EEEEE9constructIS8_IS8_EEEDTcl12_S_constructfp_fp0_spcl7forwardIT0_Efp1_EEERS9_PT_DpOSC_
FNDA:36,_ZNSt16allocator_traitsISaISt13_Rb_tree_nodeISt4pairIKPN14raptor_physics7vg_metaEPNS2_13tracking_infoIS3_EEEEEE9constructISA_IRKS9_EEEDTcl12_S_constructfp_fp0_spcl7forwardIT0_Efp1_EEERSB_PT_DpOSG_
FNDA:0,_ZNSt16allocator_traitsISaIPN14raptor_physics7vg_metaEEE9constructIS2_IRKS2_EEEDTcl12_S_constructfp_fp0_spcl7forwardIT0_Efp1_EEERS3_PT_DpOS8_
FNDA:0,_ZNSt16allocator_traitsISaISt13_Rb_tree_nodeISt4pairIKPN14raptor_physics7vg_metaEPNS2_13tracking_infoIS3_EEEEEE9constructISA_IRKSt21piecewise_construct_tSt5tupleIIRS5_EESH_IIEEEEEDTcl12_S_constructfp_fp0_spcl7forwardIT0_Efp1_EEERSB_PT_DpOSL_
FNDA:0,_ZNSt16allocator_traitsISaIN14raptor_physics18contact_graph_edgeEEE7destroyIS1_EEvRS2_PT_
FNDA:0,_ZNSt16allocator_traitsISaISt4pairIPN14raptor_physics7vg_metaESt6vectorINS1_18contact_graph_edgeESaIS5_EEEEE7destroyIS8_EEvRS9_PT_
FNDA:0,_ZNSt16allocator_traitsISaIPN14raptor_physics7vg_metaEEE7destroyIS2_EEvRS3_PT_
FNDA:0,_ZNSt16allocator_traitsISaIN14raptor_physics18contact_graph_edgeEEE8max_sizeERKS2_
FNDA:0,_ZNSt16allocator_traitsISaISt4pairIPN14raptor_physics7vg_metaESt6vectorINS1_18contact_graph_edgeESaIS5_EEEEE8max_sizeERKS9_
FNDA:0,_ZNSt16allocator_traitsISaIPN14raptor_physics7vg_metaEEE8max_sizeERKS3_
FNF:26
FNH:4
DA:253,84
DA:254,84
DA:280,0
DA:281,0
DA:305,0
DA:306,0
DA:391,84
DA:393,84
DA:404,0
DA:405,0
DA:415,0
DA:416,0
LF:12
LH:4
end_of_record
SF:/usr/include/c++/4.8/bits/allocator.h
FN:113,_ZNSaIPN14raptor_physics7vg_metaEEC2Ev
FN:113,_ZNSaISt4pairIKPN14raptor_physics7vg_metaEPNS0_14collision_infoEEEC2Ev
FN:113,_ZNSaISt4pairIPN14raptor_physics7vg_metaESt6vectorINS0_18contact_graph_edgeESaIS4_EEEEC2Ev
FN:113,_ZNSaIN14raptor_physics18contact_graph_edgeEEC2Ev
FN:115,_ZNSaISt4pairIKPN14raptor_physics7vg_metaEPNS0_14collision_infoEEEC2ERKS7_
FN:115,_ZNSaIN14raptor_physics18contact_graph_edgeEEC2ERKS1_
FN:115,_ZNSaISt13_Rb_tree_nodeISt4pairIKPN14raptor_physics7vg_metaEPNS1_14collision_infoEEEEC2ERKS9_
FN:119,_ZNSaISt13_Rb_tree_nodeISt4pairIKPN14raptor_physics7vg_metaEPNS1_14collision_infoEEEEC2IS7_EERKSaIT_E
FN:121,_ZNSaISt13_Rb_tree_nodeISt4pairIKPN14raptor_physics7vg_metaEPNS1_14collision_infoEEEED2Ev
FN:121,_ZNSaIPN14raptor_physics7vg_metaEED2Ev
FN:121,_ZNSaISt4pairIKPN14raptor_physics7vg_metaEPNS0_14collision_infoEEED2Ev
FN:121,_ZNSaISt4pairIPN14raptor_physics7vg_metaESt6vectorINS0_18contact_graph_edgeESaIS4_EEEED2Ev
FN:121,_ZNSaIN14raptor_physics18contact_graph_edgeEED2Ev
FN:133,_ZSteqIcEbRKSaIT_ES3_
FNDA:0,_ZNSaIN14raptor_physics18contact_graph_edgeEEC2Ev
FNDA:12,_ZNSaISt4pairIPN14raptor_physics7vg_metaESt6vectorINS0_18contact_graph_edgeESaIS4_EEEEC2Ev
FNDA:12,_ZNSaIPN14raptor_physics7vg_metaEEC2Ev
FNDA:36,_ZNSaISt4pairIKPN14raptor_physics7vg_metaEPNS0_14collision_infoEEEC2Ev
FNDA:0,_ZNSaIN14raptor_physics18contact_graph_edgeEEC2ERKS1_
FNDA:36,_ZNSaISt13_Rb_tree_nodeISt4pairIKPN14raptor_physics7vg_metaEPNS1_14collision_infoEEEEC2ERKS9_
FNDA:36,_ZNSaISt4pairIKPN14raptor_physics7vg_metaEPNS0_14collision_infoEEEC2ERKS7_
FNDA:36,_ZNSaISt13_Rb_tree_nodeISt4pairIKPN14raptor_physics7vg_metaEPNS1_14collision_infoEEEEC2IS7_EERKSaIT_E
FNDA:0,_ZNSaIN14raptor_physics18contact_graph_edgeEED2Ev
FNDA:12,_ZNSaISt4pairIPN14raptor_physics7vg_metaESt6vectorINS0_18contact_graph_edgeESaIS4_EEEED2Ev
FNDA:12,_ZNSaIPN14raptor_physics7vg_metaEED2Ev
FNDA:72,_ZNSaISt13_Rb_tree_nodeISt4pairIKPN14raptor_physics7vg_metaEPNS1_14collision_infoEEEED2Ev
FNDA:72,_ZNSaISt4pairIKPN14raptor_physics7vg_metaEPNS0_14collision_infoEEED2Ev
FNDA:0,_ZSteqIcEbRKSaIT_ES3_
FNF:14
FNH:10
DA:113,60
DA:115,72
DA:116,72
DA:119,36
DA:121,168
DA:133,0
DA:134,0
LF:7
LH:5
end_of_record
SF:/usr/include/c++/4.8/bits/basic_ios.h
FN:46,_ZSt13__check_facetISt5ctypeIcEERKT_PS3_
FNDA:0,_ZSt13__check_facetISt5ctypeIcEERKT_PS3_
FNF:1
FNH:0
DA:46,0
DA:48,0
DA:49,0
DA:50,0
LF:4
LH:0
end_of_record
SF:/usr/include/c++/4.8/bits/basic_string.h
FN:272,_ZNSs12_Alloc_hiderD2Ev
FN:1721,_ZNSs16_S_construct_auxIPcEES0_T_S1_RKSaIcESt12__false_type
FN:1743,_ZNSs12_S_constructIPcEES0_T_S1_RKSaIcE
FNDA:0,_ZNSs12_Alloc_hiderD2Ev
FNDA:0,_ZNSs16_S_construct_auxIPcEES0_T_S1_RKSaIcESt12__false_type
FNDA:0,_ZNSs12_S_constructIPcEES0_T_S1_RKSaIcE
FNF:3
FNH:0
DA:272,0
DA:1721,0
DA:1725,0
DA:1743,0
DA:1746,0
LF:5
LH:0
end_of_record
SF:/usr/include/c++/4.8/bits/basic_string.tcc
FN:123,_ZNSs12_S_constructIPcEES0_T_S1_RKSaIcESt20forward_iterator_tag
FN:227,_ZNSsC2IPcEET_S1_RKSaIcE
FNDA:0,_ZNSs12_S_constructIPcEES0_T_S1_RKSaIcESt20forward_iterator_tag
FNDA:0,_ZNSsC2IPcEET_S1_RKSaIcE
FNF:2
FNH:0
DA:123,0
DA:128,0
DA:129,0
DA:132,0
DA:133,0
DA:136,0
DA:138,0
DA:140,0
DA:141,=====
DA:143,=====
DA:144,=====
DA:146,0
DA:147,0
DA:227,0
DA:229,0
DA:230,0
LF:16
LH:0
end_of_record
SF:/usr/include/c++/4.8/bits/char_traits.h
FN:242,_ZNSt11char_traitsIcE6assignERcRKc
FN:258,_ZNSt11char_traitsIcE6lengthEPKc
FN:270,_ZNSt11char_traitsIcE4copyEPcPKcm
FNDA:0,_ZNSt11char_traitsIcE6assignERcRKc
FNDA:13518,_ZNSt11char_traitsIcE6lengthEPKc
FNDA:0,_ZNSt11char_traitsIcE4copyEPcPKcm
FNF:3
FNH:1
DA:242,0
DA:243,0
DA:258,13518
DA:259,13518
DA:270,0
DA:271,0
LF:6
LH:2
end_of_record
SF:/usr/include/c++/4.8/bits/hashtable.h
FN:342,_ZNKSt10_HashtableIiSt4pairIKiPN14raptor_physics7vg_metaEESaIS5_ENSt8__detail10_Select1stESt8equal_toIiESt4hashIiENS7_18_Mod_range_hashingENS7_20_Default_ranged_hashENS7_20_Prime_rehash_policyENS7_17_Hashtable_traitsILb0ELb0ELb1EEEE15_M_before_beginEv
FN:368,_ZNKSt10_HashtableIiSt4pairIKiPN14raptor_physics7vg_metaEESaIS5_ENSt8__detail10_Select1stESt8equal_toIiESt4hashIiENS7_18_Mod_range_hashingENS7_20_Default_ranged_hashENS7_20_Prime_rehash_policyENS7_17_Hashtable_traitsILb0ELb0ELb1EEEE8_M_beginEv
FN:454,_ZNSt10_HashtableIiSt4pairIKiPN14raptor_physics7vg_metaEESaIS5_ENSt8__detail10_Select1stESt8equal_toIiESt4hashIiENS7_18_Mod_range_hashingENS7_20_Default_ranged_hashENS7_20_Prime_rehash_policyENS7_17_Hashtable_traitsILb0ELb0ELb1EEEE5beginEv
FN:462,_ZNSt10_HashtableIiSt4pairIKiPN14raptor_physics7vg_metaEESaIS5_ENSt8__detail10_Select1stESt8equal_toIiESt4hashIiENS7_18_Mod_range_hashingENS7_20_Default_ranged_hashENS7_20_Prime_rehash_policyENS7_17_Hashtable_traitsILb0ELb0ELb1EEEE3endEv
FNDA:258,_ZNKSt10_HashtableIiSt4pairIKiPN14raptor_physics7vg_metaEESaIS5_ENSt8__detail10_Select1stESt8equal_toIiESt4hashIiENS7_18_Mod_range_hashingENS7_20_Default_ranged_hashENS7_20_Prime_rehash_policyENS7_17_Hashtable_traitsILb0ELb0ELb1EEEE15_M_before_beginEv
FNDA:258,_ZNKSt10_HashtableIiSt4pairIKiPN14raptor_physics7vg_metaEESaIS5_ENSt8__detail10_Select1stESt8equal_toIiESt4hashIiENS7_18_Mod_range_hashingENS7_20_Default_ranged_hashENS7_20_Prime_rehash_policyENS7_17_Hashtable_traitsILb0ELb0ELb1EEEE8_M_beginEv
FNDA:210,_ZNSt10_HashtableIiSt4pairIKiPN14raptor_physics7vg_metaEESaIS5_ENSt8__detail10_Select1stESt8equal_toIiESt4hashIiENS7_18_Mod_range_hashingENS7_20_Default_ranged_hashENS7_20_Prime_rehash_policyENS7_17_Hashtable_traitsILb0ELb0ELb1EEEE5beginEv
FNDA:1362,_ZNSt10_HashtableIiSt4pairIKiPN14raptor_physics7vg_metaEESaIS5_ENSt8__detail10_Select1stESt8equal_toIiESt4hashIiENS7_18_Mod_range_hashingENS7_20_Default_ranged_hashENS7_20_Prime_rehash_policyENS7_17_Hashtable_traitsILb0ELb0ELb1EEEE3endEv
FNF:4
FNH:4
DA:342,258
DA:343,258
DA:368,258
DA:369,258
DA:454,210
DA:455,210
DA:462,1362
DA:463,1362
LF:8
LH:8
end_of_record
SF:/usr/include/c++/4.8/bits/hashtable_policy.h
FN:198,_ZNKSt8__detail10_Hash_nodeISt4pairIKiPN14raptor_physics7vg_metaEELb0EE7_M_nextEv
FN:209,_ZNSt8__detail19_Node_iterator_baseISt4pairIKiPN14raptor_physics7vg_metaEELb0EEC2EPNS_10_Hash_nodeIS6_Lb0EEE
FN:213,_ZNSt8__detail19_Node_iterator_baseISt4pairIKiPN14raptor_physics7vg_metaEELb0EE7_M_incrEv
FN:225,_ZNSt8__detailneISt4pairIKiPN14raptor_physics7vg_metaEELb0EEEbRKNS_19_Node_iterator_baseIT_XT0_EEESB_
FN:253,_ZNSt8__detail14_Node_iteratorISt4pairIKiPN14raptor_physics7vg_metaEELb0ELb0EEC2EPNS_10_Hash_nodeIS6_Lb0EEE
FN:257,_ZNKSt8__detail14_Node_iteratorISt4pairIKiPN14raptor_physics7vg_metaEELb0ELb0EEdeEv
FN:265,_ZNSt8__detail14_Node_iteratorISt4pairIKiPN14raptor_physics7vg_metaEELb0ELb0EEppEv
FN:304,_ZNSt8__detail20_Node_const_iteratorISt4pairIKiPN14raptor_physics7vg_metaEELb0ELb0EEC2ERKNS_14_Node_iteratorIS6_Lb0ELb0EEE
FN:309,_ZNKSt8__detail20_Node_const_iteratorISt4pairIKiPN14raptor_physics7vg_metaEELb0ELb0EEdeEv
FN:317,_ZNSt8__detail20_Node_const_iteratorISt4pairIKiPN14raptor_physics7vg_metaEELb0ELb0EEppEv
FNDA:636,_ZNKSt8__detail10_Hash_nodeISt4pairIKiPN14raptor_physics7vg_metaEELb0EE7_M_nextEv
FNDA:2592,_ZNSt8__detail19_Node_iterator_baseISt4pairIKiPN14raptor_physics7vg_metaEELb0EEC2EPNS_10_Hash_nodeIS6_Lb0EEE
FNDA:450,_ZNSt8__detail19_Node_iterator_baseISt4pairIKiPN14raptor_physics7vg_metaEELb0EE7_M_incrEv
FNDA:684,_ZNSt8__detailneISt4pairIKiPN14raptor_physics7vg_metaEELb0EEEbRKNS_19_Node_iterator_baseIT_XT0_EEESB_
FNDA:2352,_ZNSt8__detail14_Node_iteratorISt4pairIKiPN14raptor_physics7vg_metaEELb0ELb0EEC2EPNS_10_Hash_nodeIS6_Lb0EEE
FNDA:180,_ZNKSt8__detail14_Node_iteratorISt4pairIKiPN14raptor_physics7vg_metaEELb0ELb0EEdeEv
FNDA:204,_ZNSt8__detail14_Node_iteratorISt4pairIKiPN14raptor_physics7vg_metaEELb0ELb0EEppEv
FNDA:240,_ZNSt8__detail20_Node_const_iteratorISt4pairIKiPN14raptor_physics7vg_metaEELb0ELb0EEC2ERKNS_14_Node_iteratorIS6_Lb0ELb0EEE
FNDA:492,_ZNKSt8__detail20_Node_const_iteratorISt4pairIKiPN14raptor_physics7vg_metaEELb0ELb0EEdeEv
FNDA:246,_ZNSt8__detail20_Node_const_iteratorISt4pairIKiPN14raptor_physics7vg_metaEELb0ELb0EEppEv
FNF:10
FNH:10
DA:198,636
DA:209,2592
DA:210,2592
DA:213,450
DA:214,450
DA:225,684
DA:227,684
DA:253,2352
DA:254,2352
DA:257,180
DA:258,180
DA:265,204
DA:267,204
DA:268,204
DA:304,240
DA:306,240
DA:309,492
DA:310,492
DA:317,246
DA:319,246
DA:320,246
LF:21
LH:21
end_of_record
SF:/usr/include/c++/4.8/bits/ios_base.h
FN:75,_ZStanSt13_Ios_FmtflagsS_
FN:119,_ZStorSt13_Ios_OpenmodeS_
FN:157,_ZStorSt12_Ios_IostateS_
FN:551,_ZNKSt8ios_base5flagsEv
FN:630,_ZNSt8ios_base9precisionEl
FN:644,_ZNKSt8ios_base5widthEv
FN:653,_ZNSt8ios_base5widthEl
FN:695,_ZNKSt8ios_base6getlocEv
FNDA:0,_ZStanSt13_Ios_FmtflagsS_
FNDA:96,_ZStorSt13_Ios_OpenmodeS_
FNDA:0,_ZStorSt12_Ios_IostateS_
FNDA:0,_ZNKSt8ios_base5flagsEv
FNDA:0,_ZNSt8ios_base9precisionEl
FNDA:17298,_ZNKSt8ios_base5widthEv
FNDA:17298,_ZNSt8ios_base5widthEl
FNDA:17298,_ZNKSt8ios_base6getlocEv
FNF:8
FNH:4
DA:75,0
DA:76,0
DA:119,96
DA:120,96
DA:157,0
DA:158,0
DA:551,0
DA:552,0
DA:630,0
DA:632,0
DA:633,0
DA:634,0
DA:644,17298
DA:645,17298
DA:653,17298
DA:655,17298
DA:656,17298
DA:657,17298
DA:695,17298
DA:696,17298
LF:20
LH:10
end_of_record
SF:/usr/include/c++/4.8/bits/locale_facets.h
FN:865,_ZNKSt5ctypeIcE5widenEc
FNDA:0,_ZNKSt5ctypeIcE5widenEc
FNF:1
FNH:0
DA:865,0
DA:867,0
DA:868,0
DA:869,0
DA:870,0
LF:5
LH:0
end_of_record
SF:/usr/include/c++/4.8/bits/move.h
FN:47,_ZSt11__addressofIN14raptor_physics18contact_graph_edgeEEPT_RS2_
FN:47,_ZSt11__addressofISt4pairIKPN14raptor_physics7vg_metaEPNS1_14collision_infoEEEPT_RS8_
FN:47,_ZSt11__addressofISt4pairIPN14raptor_physics7vg_metaESt6vectorINS1_18contact_graph_edgeESaIS5_EEEEPT_RS9_
FN:47,_ZSt11__addressofISt4pairIKPN14raptor_physics7vg_metaEPNS1_13tracking_infoIS2_EEEEPT_RS9_
FN:76,_ZSt7forwardISt17_Rb_tree_iteratorISt4pairIKPN14raptor_physics7vg_metaEPNS2_14collision_infoEEEEOT_RNSt16remove_referenceISA_E4typeE
FN:76,_ZSt7forwardIPN14raptor_physics13tracking_infoINS0_7vg_metaEEEEOT_RNSt16remove_referenceIS5_E4typeE
FN:76,_ZSt7forwardIbEOT_RNSt16remove_referenceIS0_E4typeE
FN:76,_ZSt7forwardISt14default_deleteIA_fEEOT_RNSt16remove_referenceIS3_E4typeE
FN:76,_ZSt7forwardISt5tupleIIEEEOT_RNSt16remove_referenceIS2_E4typeE
FN:76,_ZSt7forwardISt6vectorIN14raptor_physics18contact_graph_edgeESaIS2_EEEOT_RNSt16remove_referenceIS5_E4typeE
FN:76,_ZSt7forwardIPN14raptor_physics14collision_infoEEOT_RNSt16remove_referenceIS3_E4typeE
FN:76,_ZSt7forwardIRPSt13_Rb_tree_nodeISt4pairIKPN14raptor_physics7vg_metaEPNS2_14collision_infoEEEEOT_RNSt16remove_referenceISC_E4typeE
FN:76,_ZSt7forwardIRKPN14raptor_physics14collision_infoEEOT_RNSt16remove_referenceIS5_E4typeE
FN:76,_ZSt7forwardIN14raptor_physics18contact_graph_edgeEEOT_RNSt16remove_referenceIS2_E4typeE
FN:76,_ZSt7forwardISt17_Rb_tree_iteratorISt4pairIKPN14raptor_physics7vg_metaEPNS2_13tracking_infoIS3_EEEEEOT_RNSt16remove_referenceISB_E4typeE
FN:76,_ZSt7forwardIRPSt18_Rb_tree_node_baseEOT_RNSt16remove_referenceIS3_E4typeE
FN:76,_ZSt7forwardIRKiEOT_RNSt16remove_referenceIS2_E4typeE
FN:76,_ZSt7forwardIRKSt21piecewise_construct_tEOT_RNSt16remove_referenceIS3_E4typeE
FN:76,_ZSt7forwardIRKSt4pairIKPN14raptor_physics7vg_metaEPNS1_14collision_infoEEEOT_RNSt16remove_referenceISA_E4typeE
FN:76,_ZSt7forwardIRKSt4pairIKPN14raptor_physics7vg_metaEPNS1_13tracking_infoIS2_EEEEOT_RNSt16remove_referenceISB_E4typeE
FN:76,_ZSt7forwardIRPfEOT_RNSt16remove_referenceIS2_E4typeE
FN:76,_ZSt7forwardIRiEOT_RNSt16remove_referenceIS1_E4typeE
FN:76,_ZSt7forwardIRPN14raptor_physics7vg_metaEEOT_RNSt16remove_referenceIS4_E4typeE
FN:76,_ZSt7forwardIRKPN14raptor_physics7vg_metaEEOT_RNSt16remove_referenceIS5_E4typeE
FN:76,_ZSt7forwardISt5tupleIIRKPN14raptor_physics7vg_metaEEEEOT_RNSt16remove_referenceIS7_E4typeE
FN:76,_ZSt7forwardISt4pairIPN14raptor_physics7vg_metaESt6vectorINS1_18contact_graph_edgeESaIS5_EEEEOT_RNSt16remove_referenceIS9_E4typeE
FN:76,_ZSt7forwardIRPSt13_Rb_tree_nodeISt4pairIKPN14raptor_physics7vg_metaEPNS2_13tracking_infoIS3_EEEEEOT_RNSt16remove_referenceISD_E4typeE
FN:101,_ZSt4moveIRSt4pairIPN14raptor_physics7vg_metaESt6vectorINS1_18contact_graph_edgeESaIS5_EEEEONSt16remove_referenceIT_E4typeEOSB_
FN:101,_ZSt4moveIRSaISt13_Rb_tree_nodeISt4pairIKPN14raptor_physics7vg_metaEPNS2_14collision_infoEEEEEONSt16remove_referenceIT_E4typeEOSD_
FN:101,_ZSt4moveIRSaIN14raptor_physics18contact_graph_edgeEEEONSt16remove_referenceIT_E4typeEOS5_
FN:101,_ZSt4moveIRPN14raptor_physics18contact_graph_edgeEEONSt16remove_referenceIT_E4typeEOS5_
FN:101,_ZSt4moveIRSt6vectorIN14raptor_physics18contact_graph_edgeESaIS2_EEEONSt16remove_referenceIT_E4typeEOS7_
FN:101,_ZSt4moveIRP10force_infoEONSt16remove_referenceIT_E4typeEOS4_
FN:101,_ZSt4moveIRN14raptor_physics18contact_graph_edgeEEONSt16remove_referenceIT_E4typeEOS4_
FN:101,_ZSt4moveIRSt11_Tuple_implILm1EIEEEONSt16remove_referenceIT_E4typeEOS4_
FN:166,_ZSt4swapIPN14raptor_physics18contact_graph_edgeEEvRT_S4_
FNDA:0,_ZSt11__addressofIN14raptor_physics18contact_graph_edgeEEPT_RS2_
FNDA:0,_ZSt11__addressofISt4pairIPN14raptor_physics7vg_metaESt6vectorINS1_18contact_graph_edgeESaIS5_EEEEPT_RS9_
FNDA:168,_ZSt11__addressofISt4pairIKPN14raptor_physics7vg_metaEPNS1_14collision_infoEEEPT_RS8_
FNDA:174,_ZSt11__addressofISt4pairIKPN14raptor_physics7vg_metaEPNS1_13tracking_infoIS2_EEEEPT_RS9_
FNDA:0,_ZSt7forwardIN14raptor_physics18contact_graph_edgeEEOT_RNSt16remove_referenceIS2_E4typeE
FNDA:0,_ZSt7forwardIRiEOT_RNSt16remove_referenceIS1_E4typeE
FNDA:0,_ZSt7forwardIRKPN14raptor_physics14collision_infoEEOT_RNSt16remove_referenceIS5_E4typeE
FNDA:0,_ZSt7forwardISt4pairIPN14raptor_physics7vg_metaESt6vectorINS1_18contact_graph_edgeESaIS5_EEEEOT_RNSt16remove_referenceIS9_E4typeE
FNDA:96,_ZSt7forwardIRPSt13_Rb_tree_nodeISt4pairIKPN14raptor_physics7vg_metaEPNS2_14collision_infoEEEEOT_RNSt16remove_referenceISC_E4typeE
FNDA:0,_ZSt7forwardIRPSt18_Rb_tree_node_baseEOT_RNSt16remove_referenceIS3_E4typeE
FNDA:72,_ZSt7forwardIRPSt13_Rb_tree_nodeISt4pairIKPN14raptor_physics7vg_metaEPNS2_13tracking_infoIS3_EEEEEOT_RNSt16remove_referenceISD_E4typeE
FNDA:12,_ZSt7forwardISt17_Rb_tree_iteratorISt4pairIKPN14raptor_physics7vg_metaEPNS2_14collision_infoEEEEOT_RNSt16remove_referenceISA_E4typeE
FNDA:336,_ZSt7forwardIRKSt4pairIKPN14raptor_physics7vg_metaEPNS1_14collision_infoEEEOT_RNSt16remove_referenceISA_E4typeE
FNDA:0,_ZSt7forwardISt14default_deleteIA_fEEOT_RNSt16remove_referenceIS3_E4typeE
FNDA:0,_ZSt7forwardIRPfEOT_RNSt16remove_referenceIS2_E4typeE
FNDA:0,_ZSt7forwardISt6vectorIN14raptor_physics18contact_graph_edgeESaIS2_EEEOT_RNSt16remove_referenceIS5_E4typeE
FNDA:0,_ZSt7forwardIRKPN14raptor_physics7vg_metaEEOT_RNSt16remove_referenceIS5_E4typeE
FNDA:0,_ZSt7forwardISt5tupleIIEEEOT_RNSt16remove_referenceIS2_E4typeE
FNDA:0,_ZSt7forwardISt5tupleIIRKPN14raptor_physics7vg_metaEEEEOT_RNSt16remove_referenceIS7_E4typeE
FNDA:0,_ZSt7forwardIRKSt21piecewise_construct_tEOT_RNSt16remove_referenceIS3_E4typeE
FNDA:264,_ZSt7forwardIbEOT_RNSt16remove_referenceIS0_E4typeE
FNDA:36,_ZSt7forwardISt17_Rb_tree_iteratorISt4pairIKPN14raptor_physics7vg_metaEPNS2_13tracking_infoIS3_EEEEEOT_RNSt16remove_referenceISB_E4typeE
FNDA:252,_ZSt7forwardIRKSt4pairIKPN14raptor_physics7vg_metaEPNS1_13tracking_infoIS2_EEEEOT_RNSt16remove_referenceISB_E4typeE
FNDA:48,_ZSt7forwardIPN14raptor_physics14collision_infoEEOT_RNSt16remove_referenceIS3_E4typeE
FNDA:26112,_ZSt7forwardIRKiEOT_RNSt16remove_referenceIS2_E4typeE
FNDA:36,_ZSt7forwardIPN14raptor_physics13tracking_infoINS0_7vg_metaEEEEOT_RNSt16remove_referenceIS5_E4typeE
FNDA:300,_ZSt7forwardIRPN14raptor_physics7vg_metaEEOT_RNSt16remove_referenceIS4_E4typeE
FNDA:0,_ZSt4moveIRN14raptor_physics18contact_graph_edgeEEONSt16remove_referenceIT_E4typeEOS4_
FNDA:0,_ZSt4moveIRSt11_Tuple_implILm1EIEEEONSt16remove_referenceIT_E4typeEOS4_
FNDA:0,_ZSt4moveIRPN14raptor_physics18contact_graph_edgeEEONSt16remove_referenceIT_E4typeEOS5_
FNDA:0,_ZSt4moveIRSaIN14raptor_physics18contact_graph_edgeEEEONSt16remove_referenceIT_E4typeEOS5_
FNDA:36,_ZSt4moveIRSaISt13_Rb_tree_nodeISt4pairIKPN14raptor_physics7vg_metaEPNS2_14collision_infoEEEEEONSt16remove_referenceIT_E4typeEOSD_
FNDA:0,_ZSt4moveIRSt4pairIPN14raptor_physics7vg_metaESt6vectorINS1_18contact_graph_edgeESaIS5_EEEEONSt16remove_referenceIT_E4typeEOSB_
FNDA:0,_ZSt4moveIRSt6vectorIN14raptor_physics18contact_graph_edgeESaIS2_EEEONSt16remove_referenceIT_E4typeEOS7_
FNDA:24,_ZSt4moveIRP10force_infoEONSt16remove_referenceIT_E4typeEOS4_
FNDA:0,_ZSt4swapIPN14raptor_physics18contact_graph_edgeEEvRT_S4_
FNF:36
FNH:15
DA:47,342
DA:50,342
DA:76,27564
DA:77,27564
DA:101,60
DA:102,60
DA:166,0
DA:175,0
DA:176,0
DA:177,0
DA:178,0
LF:11
LH:6
end_of_record
SF:/usr/include/c++/4.8/bits/stl_algo.h
FN:147,_ZSt9__find_ifISt17_Rb_tree_iteratorISt4pairIKPN14raptor_physics7vg_metaEPNS2_13tracking_infoIS3_EEEENS2_14physics_engine12is_collisionEET_SD_SD_T0_St18input_iterator_tag
FN:147,_ZSt9__find_ifINSt8__detail14_Node_iteratorISt4pairIKiPN14raptor_physics7vg_metaEELb0ELb0EEEZNS4_14physics_engine12advance_timeEfEUlRKS2_IiS6_EE0_ET_SE_SE_T0_St18input_iterator_tag
FN:147,_ZSt9__find_ifINSt8__detail14_Node_iteratorISt4pairIKiPN14raptor_physics7vg_metaEELb0ELb0EEEZNS4_14physics_engine12advance_timeEfEUlRKS2_IiS6_EE_ET_SE_SE_T0_St18input_iterator_tag
FN:158,_ZSt6__findIN9__gnu_cxx17__normal_iteratorIPP10force_infoSt6vectorIS3_SaIS3_EEEEDnET_SA_SA_RKT0_St26random_access_iterator_tag
FN:158,_ZSt6__findIPiiET_S1_S1_RKT0_St26random_access_iterator_tag
FN:158,_ZSt6__findIN9__gnu_cxx17__normal_iteratorIPPN14raptor_physics7vg_metaESt6vectorIS4_SaIS4_EEEES4_ET_SA_SA_RKT0_St26random_access_iterator_tag
FN:206,_ZSt9__find_ifIN9__gnu_cxx17__normal_iteratorIPN14raptor_physics18contact_graph_edgeESt6vectorIS3_SaIS3_EEEEZNS2_13contact_graphINS2_7vg_metaEE9find_edgeEiiEUlRKS3_E_ET_SF_SF_T0_St26random_access_iterator_tag
FN:1091,_ZSt6removeIN9__gnu_cxx17__normal_iteratorIPP10force_infoSt6vectorIS3_SaIS3_EEEEDnET_SA_SA_RKT0_
FN:4432,_ZSt4findIN9__gnu_cxx17__normal_iteratorIPPN14raptor_physics7vg_metaESt6vectorIS4_SaIS4_EEEES4_ET_SA_SA_RKT0_
FN:4432,_ZSt4findIN9__gnu_cxx17__normal_iteratorIPP10force_infoSt6vectorIS3_SaIS3_EEEEDnET_SA_SA_RKT0_
FN:4432,_ZSt4findIPiiET_S1_S1_RKT0_
FN:4456,_ZSt7find_ifISt17_Rb_tree_iteratorISt4pairIKPN14raptor_physics7vg_metaEPNS2_13tracking_infoIS3_EEEENS2_14physics_engine12is_collisionEET_SD_SD_T0_
FN:4456,_ZSt7find_ifINSt8__detail14_Node_iteratorISt4pairIKiPN14raptor_physics7vg_metaEELb0ELb0EEEZNS4_14physics_engine12advance_timeEfEUlRKS2_IiS6_EE0_ET_SE_SE_T0_
FN:4456,_ZSt7find_ifINSt8__detail14_Node_iteratorISt4pairIKiPN14raptor_physics7vg_metaEELb0ELb0EEEZNS4_14physics_engine12advance_timeEfEUlRKS2_IiS6_EE_ET_SE_SE_T0_
FN:4456,_ZSt7find_ifIN9__gnu_cxx17__normal_iteratorIPN14raptor_physics18contact_graph_edgeESt6vectorIS3_SaIS3_EEEEZNS2_13contact_graphINS2_7vg_metaEE9find_edgeEiiEUlRKS3_E_ET_SF_SF_T0_
FNDA:0,_ZSt9__find_ifINSt8__detail14_Node_iteratorISt4pairIKiPN14raptor_physics7vg_metaEELb0ELb0EEEZNS4_14physics_engine12advance_timeEfEUlRKS2_IiS6_EE0_ET_SE_SE_T0_St18input_iterator_tag
FNDA:0,_ZSt9__find_ifINSt8__detail14_Node_iteratorISt4pairIKiPN14raptor_physics7vg_metaEELb0ELb0EEEZNS4_14physics_engine12advance_timeEfEUlRKS2_IiS6_EE_ET_SE_SE_T0_St18input_iterator_tag
FNDA:24,_ZSt9__find_ifISt17_Rb_tree_iteratorISt4pairIKPN14raptor_physics7vg_metaEPNS2_13tracking_infoIS3_EEEENS2_14physics_engine12is_collisionEET_SD_SD_T0_St18input_iterator_tag
FNDA:0,_ZSt6__findIN9__gnu_cxx17__normal_iteratorIPPN14raptor_physics7vg_metaESt6vectorIS4_SaIS4_EEEES4_ET_SA_SA_RKT0_St26random_access_iterator_tag
FNDA:24,_ZSt6__findIN9__gnu_cxx17__normal_iteratorIPP10force_infoSt6vectorIS3_SaIS3_EEEEDnET_SA_SA_RKT0_St26random_access_iterator_tag
FNDA:0,_ZSt6__findIPiiET_S1_S1_RKT0_St26random_access_iterator_tag
FNDA:0,_ZSt9__find_ifIN9__gnu_cxx17__normal_iteratorIPN14raptor_physics18contact_graph_edgeESt6vectorIS3_SaIS3_EEEEZNS2_13contact_graphINS2_7vg_metaEE9find_edgeEiiEUlRKS3_E_ET_SF_SF_T0_St26random_access_iterator_tag
FNDA:24,_ZSt6removeIN9__gnu_cxx17__normal_iteratorIPP10force_infoSt6vectorIS3_SaIS3_EEEEDnET_SA_SA_RKT0_
FNDA:0,_ZSt4findIN9__gnu_cxx17__normal_iteratorIPPN14raptor_physics7vg_metaESt6vectorIS4_SaIS4_EEEES4_ET_SA_SA_RKT0_
FNDA:24,_ZSt4findIN9__gnu_cxx17__normal_iteratorIPP10force_infoSt6vectorIS3_SaIS3_EEEEDnET_SA_SA_RKT0_
FNDA:0,_ZSt4findIPiiET_S1_S1_RKT0_
FNDA:0,_ZSt7find_ifIN9__gnu_cxx17__normal_iteratorIPN14raptor_physics18contact_graph_edgeESt6vectorIS3_SaIS3_EEEEZNS2_13contact_graphINS2_7vg_metaEE9find_edgeEiiEUlRKS3_E_ET_SF_SF_T0_
FNDA:0,_ZSt7find_ifINSt8__detail14_Node_iteratorISt4pairIKiPN14raptor_physics7vg_metaEELb0ELb0EEEZNS4_14physics_engine12advance_timeEfEUlRKS2_IiS6_EE0_ET_SE_SE_T0_
FNDA:0,_ZSt7find_ifINSt8__detail14_Node_iteratorISt4pairIKiPN14raptor_physics7vg_metaEELb0ELb0EEEZNS4_14physics_engine12advance_timeEfEUlRKS2_IiS6_EE_ET_SE_SE_T0_
FNDA:24,_ZSt7find_ifISt17_Rb_tree_iteratorISt4pairIKPN14raptor_physics7vg_metaEPNS2_13tracking_infoIS3_EEEENS2_14physics_engine12is_collisionEET_SD_SD_T0_
FNF:15
FNH:5
DA:147,24
DA:150,48
DA:151,0
DA:152,24
DA:158,24
DA:162,24
DA:164,24
DA:166,0
DA:167,0
DA:168,0
DA:170,0
DA:171,0
DA:172,0
DA:174,0
DA:175,0
DA:176,0
DA:178,0
DA:179,0
DA:180,0
DA:183,24
DA:186,0
DA:187,0
DA:188,0
DA:190,0
DA:191,0
DA:192,0
DA:194,24
DA:195,12
DA:196,12
DA:199,12
DA:206,0
DA:210,0
DA:212,0
DA:214,0
DA:215,0
DA:216,0
DA:218,0
DA:219,0
DA:220,0
DA:222,0
DA:223,0
DA:224,0
DA:226,0
DA:227,0
DA:228,0
DA:231,0
DA:234,0
DA:235,0
DA:236,0
DA:238,0
DA:239,0
DA:240,0
DA:242,0
DA:243,0
DA:244,0
DA:247,0
DA:1091,24
DA:1101,24
DA:1102,24
DA:1103,12
DA:1104,12
DA:1105,12
DA:1106,12
DA:1107,0
DA:1109,0
DA:1110,0
DA:1112,12
DA:4432,24
DA:4441,24
DA:4456,24
DA:4465,24
LF:71
LH:23
end_of_record
SF:/usr/include/c++/4.8/bits/stl_algobase.h
FN:193,_ZSt3minIfERKT_S2_S2_
FN:193,_ZSt3minIiERKT_S2_S2_
FN:216,_ZSt3maxImERKT_S2_S2_
FN:216,_ZSt3maxIiERKT_S2_S2_
FN:216,_ZSt3maxIfERKT_S2_S2_
FN:277,_ZSt12__niter_baseIN9__gnu_cxx17__normal_iteratorIPP10force_infoSt6vectorIS3_SaIS3_EEEEENSt11_Niter_baseIT_E13iterator_typeESA_
FN:277,_ZSt12__niter_baseIPPN14raptor_physics7vg_metaEENSt11_Niter_baseIT_E13iterator_typeES5_
FN:288,_ZSt12__miter_baseIN9__gnu_cxx17__normal_iteratorIPP10force_infoSt6vectorIS3_SaIS3_EEEEENSt11_Miter_baseIT_E13iterator_typeESA_
FN:288,_ZSt12__miter_baseISt13move_iteratorIPPN14raptor_physics7vg_metaEEENSt11_Miter_baseIT_E13iterator_typeES7_
FN:368,_ZNSt11__copy_moveILb1ELb1ESt26random_access_iterator_tagE8__copy_mIP10force_infoEEPT_PKS5_S8_S6_
FN:368,_ZNSt11__copy_moveILb1ELb1ESt26random_access_iterator_tagE8__copy_mIPN14raptor_physics7vg_metaEEEPT_PKS6_S9_S7_
[...]
FNDA:0,_ZSt19__iterator_categoryIPcENSt15iterator_traitsIT_E17iterator_categoryERKS2_
FNDA:16320,_ZNSt10_Iter_baseIPiLb0EE7_S_baseES0_
FNDA:10752,_ZNSt10_Iter_baseISt13move_iteratorIPiELb1EE7_S_baseES2_
FNF:3
FNH:2
DA:201,0
DA:202,0
DA:212,16320
DA:213,16320
DA:220,10752
DA:221,10752
LF:6
LH:4
end_of_record
SF:/usr/include/c++/4.8/bits/stl_numeric.h
FN:146,_ZSt10accumulateIN9__gnu_cxx17__normal_iteratorIP7point_tSt6vectorIS2_SaIS2_EEEEPSt18basic_stringstreamIcSt11char_traitsIcESaIcEEZN14raptor_physics15array_to_streamIS7_ZNKSE_7simplex16center_of_impactERKSG_RKS2_EUlSD_SK_E_EESsT_SM_RKT0_EUlSD_S2_E_ESN_SM_SM_SN_T1_
FN:146,_ZSt10accumulateIN9__gnu_cxx17__normal_iteratorIP7point_tSt6vectorIS2_SaIS2_EEEEPSt18basic_stringstreamIcSt11char_traitsIcESaIcEEZN14raptor_physics15array_to_streamIS7_ZNKSE_7simplex16center_of_impactERKSG_RKS2_EUlSD_SK_E0_EESsT_SM_RKT0_EUlSD_S2_E_ESN_SM_SM_SN_T1_
FNDA:48,_ZSt10accumulateIN9__gnu_cxx17__normal_iteratorIP7point_tSt6vectorIS2_SaIS2_EEEEPSt18basic_stringstreamIcSt11char_traitsIcESaIcEEZN14raptor_physics15array_to_streamIS7_ZNKSE_7simplex16center_of_impactERKSG_RKS2_EUlSD_SK_E0_EESsT_SM_RKT0_EUlSD_S2_E_ESN_SM_SM_SN_T1_
FNDA:48,_ZSt10accumulateIN9__gnu_cxx17__normal_iteratorIP7point_tSt6vectorIS2_SaIS2_EEEEPSt18basic_stringstreamIcSt11char_traitsIcESaIcEEZN14raptor_physics15array_to_streamIS7_ZNKSE_7simplex16center_of_impactERKSG_RKS2_EUlSD_SK_E_EESsT_SM_RKT0_EUlSD_S2_E_ESN_SM_SM_SN_T1_
FNF:2
FNH:2
DA:146,96
DA:153,384
DA:154,288
DA:155,96
LF:4
LH:4
end_of_record
SF:/usr/include/c++/4.8/bits/stl_uninitialized.h
FN:68,_ZNSt20__uninitialized_copyILb0EE13__uninit_copyISt13move_iteratorIP7point_tES4_EET0_T_S7_S6_
FN:91,_ZNSt20__uninitialized_copyILb1EE13__uninit_copyISt13move_iteratorIPiES3_EET0_T_S6_S5_
FN:107,_ZSt18uninitialized_copyISt13move_iteratorIP7point_tES2_ET0_T_S5_S4_
FN:107,_ZSt18uninitialized_copyISt13move_iteratorIPiES1_ET0_T_S4_S3_
FN:256,_ZSt22__uninitialized_copy_aISt13move_iteratorIPiES1_iET0_T_S4_S3_RSaIT1_E
FN:256,_ZSt22__uninitialized_copy_aISt13move_iteratorIP7point_tES2_S1_ET0_T_S5_S4_RSaIT1_E
FN:274,_ZSt34__uninitialized_move_if_noexcept_aIP7point_tS1_SaIS0_EET0_T_S4_S3_RT1_
FN:274,_ZSt34__uninitialized_move_if_noexcept_aIPiS0_SaIiEET0_T_S3_S2_RT1_
FNDA:0,_ZNSt20__uninitialized_copyILb0EE13__uninit_copyISt13move_iteratorIP7point_tES4_EET0_T_S7_S6_
FNDA:5376,_ZNSt20__uninitialized_copyILb1EE13__uninit_copyISt13move_iteratorIPiES3_EET0_T_S6_S5_
FNDA:5376,_ZSt18uninitialized_copyISt13move_iteratorIPiES1_ET0_T_S4_S3_
FNDA:0,_ZSt18uninitialized_copyISt13move_iteratorIP7point_tES2_ET0_T_S5_S4_
FNDA:5376,_ZSt22__uninitialized_copy_aISt13move_iteratorIPiES1_iET0_T_S4_S3_RSaIT1_E
FNDA:0,_ZSt22__uninitialized_copy_aISt13move_iteratorIP7point_tES2_S1_ET0_T_S5_S4_RSaIT1_E
FNDA:5376,_ZSt34__uninitialized_move_if_noexcept_aIPiS0_SaIiEET0_T_S3_S2_RT1_
FNDA:0,_ZSt34__uninitialized_move_if_noexcept_aIP7point_tS1_SaIS0_EET0_T_S4_S3_RT1_
FNF:8
FNH:4
DA:68,0
DA:71,0
DA:74,0
DA:75,0
DA:76,0
DA:78,=====
DA:80,=====
DA:81,=====
DA:91,5376
DA:93,5376
DA:107,5376
DA:117,5376
DA:256,5376
DA:258,5376
DA:274,5376
DA:281,5376
LF:16
LH:8
end_of_record
SF:/usr/include/c++/4.8/bits/stl_vector.h
FN:79,_ZNSt12_Vector_baseI7point_tSaIS0_EE12_Vector_implD2Ev
FN:86,_ZNSt12_Vector_baseIiSaIiEE12_Vector_implC2Ev
FN:86,_ZNSt12_Vector_baseI7point_tSaIS0_EE12_Vector_implC2Ev
FN:113,_ZNSt12_Vector_baseI7point_tSaIS0_EE19_M_get_Tp_allocatorEv
FN:113,_ZNSt12_Vector_baseIiSaIiEE19_M_get_Tp_allocatorEv
FN:117,_ZNKSt12_Vector_baseI7point_tSaIS0_EE19_M_get_Tp_allocatorEv
FN:117,_ZNKSt12_Vector_baseIiSaIiEE19_M_get_Tp_allocatorEv
FN:124,_ZNSt12_Vector_baseI7point_tSaIS0_EEC2Ev
FN:124,_ZNSt12_Vector_baseIiSaIiEEC2Ev
FN:159,_ZNSt12_Vector_baseI7point_tSaIS0_EED2Ev
FN:167,_ZNSt12_Vector_baseIiSaIiEE11_M_allocateEm
FN:167,_ZNSt12_Vector_baseI7point_tSaIS0_EE11_M_allocateEm
FN:171,_ZNSt12_Vector_baseI7point_tSaIS0_EE13_M_deallocateEPS0_m
FN:171,_ZNSt12_Vector_baseIiSaIiEE13_M_deallocateEPim
FN:248,_ZNSt6vectorIiSaIiEEC2Ev
FN:248,_ZNSt6vectorI7point_tSaIS0_EEC2Ev
FN:414,_ZNSt6vectorI7point_tSaIS0_EED2Ev
FN:538,_ZNSt6vectorI7point_tSaIS0_EE5beginEv
FN:547,_ZNKSt6vectorIiSaIiEE5beginEv
FN:547,_ZNKSt6vectorI7point_tSaIS0_EE5beginEv
FN:556,_ZNSt6vectorI7point_tSaIS0_EE3endEv
FN:565,_ZNKSt6vectorIiSaIiEE3endEv
FN:565,_ZNKSt6vectorI7point_tSaIS0_EE3endEv
FN:645,_ZNKSt6vectorI7point_tSaIS0_EE4sizeEv
FN:645,_ZNKSt6vectorIiSaIiEE4sizeEv
FN:650,_ZNKSt6vectorIiSaIiEE8max_sizeEv
FN:650,_ZNKSt6vectorI7point_tSaIS0_EE8max_sizeEv
FN:734,_ZNKSt6vectorI7point_tSaIS0_EE5emptyEv
FN:734,_ZNKSt6vectorIiSaIiEE5emptyEv
FN:770,_ZNSt6vectorI7point_tSaIS0_EEixEm
FN:791,_ZNKSt6vectorI7point_tSaIS0_EE14_M_range_checkEm
FN:810,_ZNSt6vectorI7point_tSaIS0_EE2atEm
FN:839,_ZNSt6vectorI7point_tSaIS0_EE5frontEv
FN:901,_ZNSt6vectorIiSaIiEE9push_backERKi
FN:901,_ZNSt6vectorI7point_tSaIS0_EE9push_backERKS0_
FN:1336,_ZNKSt6vectorI7point_tSaIS0_EE12_M_check_lenEmPKc
FN:1336,_ZNKSt6vectorIiSaIiEE12_M_check_lenEmPKc
FNDA:96,_ZNSt12_Vector_baseI7point_tSaIS0_EE12_Vector_implD2Ev
FNDA:1536,_ZNSt12_Vector_baseIiSaIiEE12_Vector_implC2Ev
FNDA:96,_ZNSt12_Vector_baseI7point_tSaIS0_EE12_Vector_implC2Ev
FNDA:0,_ZNSt12_Vector_baseIiSaIiEE19_M_get_Tp_allocatorEv
FNDA:0,_ZNSt12_Vector_baseI7point_tSaIS0_EE19_M_get_Tp_allocatorEv
FNDA:10752,_ZNKSt12_Vector_baseIiSaIiEE19_M_get_Tp_allocatorEv
FNDA:0,_ZNKSt12_Vector_baseI7point_tSaIS0_EE19_M_get_Tp_allocatorEv
FNDA:1536,_ZNSt12_Vector_baseIiSaIiEEC2Ev
FNDA:96,_ZNSt12_Vector_baseI7point_tSaIS0_EEC2Ev
FNDA:96,_ZNSt12_Vector_baseI7point_tSaIS0_EED2Ev
FNDA:5568,_ZNSt12_Vector_baseIiSaIiEE11_M_allocateEm
FNDA:0,_ZNSt12_Vector_baseI7point_tSaIS0_EE11_M_allocateEm
FNDA:0,_ZNSt12_Vector_baseIiSaIiEE13_M_deallocateEPim
FNDA:0,_ZNSt12_Vector_baseI7point_tSaIS0_EE13_M_deallocateEPS0_m
FNDA:1536,_ZNSt6vectorIiSaIiEEC2Ev
FNDA:96,_ZNSt6vectorI7point_tSaIS0_EEC2Ev
FNDA:96,_ZNSt6vectorI7point_tSaIS0_EED2Ev
FNDA:0,_ZNSt6vectorI7point_tSaIS0_EE5beginEv
FNDA:0,_ZNKSt6vectorIiSaIiEE5beginEv
FNDA:0,_ZNKSt6vectorI7point_tSaIS0_EE5beginEv
FNDA:0,_ZNSt6vectorI7point_tSaIS0_EE3endEv
FNDA:0,_ZNKSt6vectorIiSaIiEE3endEv
FNDA:0,_ZNKSt6vectorI7point_tSaIS0_EE3endEv
FNDA:0,_ZNKSt6vectorIiSaIiEE4sizeEv
FNDA:0,_ZNKSt6vectorI7point_tSaIS0_EE4sizeEv
FNDA:10752,_ZNKSt6vectorIiSaIiEE8max_sizeEv
FNDA:0,_ZNKSt6vectorI7point_tSaIS0_EE8max_sizeEv
FNDA:0,_ZNKSt6vectorIiSaIiEE5emptyEv
FNDA:96,_ZNKSt6vectorI7point_tSaIS0_EE5emptyEv
FNDA:0,_ZNSt6vectorI7point_tSaIS0_EEixEm
FNDA:576,_ZNKSt6vectorI7point_tSaIS0_EE14_M_range_checkEm
FNDA:576,_ZNSt6vectorI7point_tSaIS0_EE2atEm
FNDA:288,_ZNSt6vectorI7point_tSaIS0_EE5frontEv
FNDA:6912,_ZNSt6vectorIiSaIiEE9push_backERKi
FNDA:384,_ZNSt6vectorI7point_tSaIS0_EE9push_backERKS0_
FNDA:5376,_ZNKSt6vectorIiSaIiEE12_M_check_lenEmPKc
FNDA:0,_ZNKSt6vectorI7point_tSaIS0_EE12_M_check_lenEmPKc
FNF:37
FNH:19
DA:79,96
DA:86,1632
DA:87,1632
DA:88,1632
DA:113,0
DA:114,0
DA:117,10752
DA:118,10752
DA:124,1632
DA:125,1632
DA:159,96
DA:160,96
DA:161,192
DA:167,5568
DA:168,5568
DA:171,0
DA:173,0
DA:174,0
DA:175,0
DA:248,1632
DA:249,1632
DA:414,96
DA:415,96
DA:416,192
DA:538,0
DA:539,0
DA:547,0
DA:548,0
DA:556,0
DA:557,0
DA:565,0
DA:566,0
DA:645,0
DA:646,0
DA:650,10752
DA:651,10752
DA:734,96
DA:735,96
DA:770,0
DA:771,0
DA:791,576
DA:793,576
DA:794,0
DA:795,576
DA:810,576
DA:812,576
DA:813,576
DA:839,288
DA:840,288
DA:901,7296
DA:903,7296
DA:905,1632
DA:906,1632
DA:907,1632
DA:911,5664
DA:915,7296
DA:1336,5376
DA:1338,5376
DA:1339,0
DA:1341,5376
DA:1342,5376
LF:61
LH:41
end_of_record
SF:/usr/include/c++/4.8/bits/unique_ptr.h
FN:63,_ZNKSt14default_deleteISt6vectorI7point_tSaIS1_EEEclEPS3_
FN:141,_ZNSt10unique_ptrISt6vectorI7point_tSaIS1_EESt14default_deleteIS3_EEC2EPS3_
FN:180,_ZNSt10unique_ptrISt6vectorI7point_tSaIS1_EESt14default_deleteIS3_EED2Ev
FN:226,_ZNKSt10unique_ptrISt6vectorI7point_tSaIS1_EESt14default_deleteIS3_EEptEv
FN:233,_ZNKSt10unique_ptrISt6vectorI7point_tSaIS1_EESt14default_deleteIS3_EE3getEv
FN:237,_ZNSt10unique_ptrISt6vectorI7point_tSaIS1_EESt14default_deleteIS3_EE11get_deleterEv
FNDA:96,_ZNKSt14default_deleteISt6vectorI7point_tSaIS1_EEEclEPS3_
FNDA:96,_ZNSt10unique_ptrISt6vectorI7point_tSaIS1_EESt14default_deleteIS3_EEC2EPS3_
FNDA:96,_ZNSt10unique_ptrISt6vectorI7point_tSaIS1_EESt14default_deleteIS3_EED2Ev
FNDA:1536,_ZNKSt10unique_ptrISt6vectorI7point_tSaIS1_EESt14default_deleteIS3_EEptEv
FNDA:1536,_ZNKSt10unique_ptrISt6vectorI7point_tSaIS1_EESt14default_deleteIS3_EE3getEv
FNDA:96,_ZNSt10unique_ptrISt6vectorI7point_tSaIS1_EESt14default_deleteIS3_EE11get_deleterEv
FNF:6
FNH:6
DA:63,96
DA:67,96
DA:68,96
DA:141,96
DA:142,96
DA:144,96
DA:180,96
DA:182,96
DA:183,96
DA:184,96
DA:185,96
DA:186,96
DA:226,1536
DA:229,1536
DA:233,1536
DA:234,1536
DA:237,96
DA:238,96
LF:18
LH:18
end_of_record
SF:/usr/include/c++/4.8/bits/vector.tcc
FN:399,_ZNSt6vectorIiSaIiEE19_M_emplace_back_auxIIRKiEEEvDpOT_
FN:399,_ZNSt6vectorI7point_tSaIS0_EE19_M_emplace_back_auxIIRKS0_EEEvDpOT_
FNDA:5376,_ZNSt6vectorIiSaIiEE19_M_emplace_back_auxIIRKiEEEvDpOT_
FNDA:288,_ZNSt6vectorI7point_tSaIS0_EE19_M_emplace_back_auxIIRKS0_EEEvDpOT_
FNF:2
FNH:2
DA:399,5664
DA:403,5664
DA:404,5664
DA:405,5664
DA:408,11328
DA:409,11328
DA:410,5664
DA:412,5664
DA:415,5664
DA:417,5664
DA:419,=====
DA:421,=====
DA:422,=====
DA:424,=====
DA:425,=====
DA:426,=====
DA:428,5664
DA:429,5664
DA:430,5664
DA:432,5664
DA:433,5664
DA:434,5664
DA:435,5664
DA:436,5664
LF:24
LH:18
end_of_record
SF:/usr/include/c++/4.8/cmath
FN:260,_ZSt4fabsf
FN:482,_ZSt4sqrtf
FNDA:0,_ZSt4fabsf
FNDA:0,_ZSt4sqrtf
FNF:2
FNH:0
DA:260,0
DA:261,0
DA:482,0
DA:483,0
LF:4
LH:0
end_of_record
SF:/usr/include/c++/4.8/ext/atomicity.h
FN:48,_ZN9__gnu_cxxL18__exchange_and_addEPVii
FN:65,_ZN9__gnu_cxxL25__exchange_and_add_singleEPii
FN:78,_ZN9__gnu_cxxL27__exchange_and_add_dispatchEPii
FNDA:0,_ZN9__gnu_cxxL18__exchange_and_addEPVii
FNDA:0,_ZN9__gnu_cxxL25__exchange_and_add_singleEPii
FNDA:0,_ZN9__gnu_cxxL27__exchange_and_add_dispatchEPii
FNF:3
FNH:0
DA:48,0
DA:49,0
DA:65,0
DA:67,0
DA:68,0
DA:69,0
DA:78,0
DA:81,0
DA:82,0
DA:84,0
LF:10
LH:0
end_of_record
SF:/usr/include/c++/4.8/ext/new_allocator.h
FN:79,_ZN9__gnu_cxx13new_allocatorIcEC2Ev
FN:79,_ZN9__gnu_cxx13new_allocatorI7point_tEC2Ev
FN:79,_ZN9__gnu_cxx13new_allocatorIiEC2Ev
FN:81,_ZN9__gnu_cxx13new_allocatorIcEC2ERKS1_
FN:86,_ZN9__gnu_cxx13new_allocatorIcED2Ev
FN:86,_ZN9__gnu_cxx13new_allocatorI7point_tED2Ev
FN:99,_ZN9__gnu_cxx13new_allocatorI7point_tE8allocateEmPKv
FN:99,_ZN9__gnu_cxx13new_allocatorIiE8allocateEmPKv
FN:109,_ZN9__gnu_cxx13new_allocatorI7point_tE10deallocateEPS1_m
FN:109,_ZN9__gnu_cxx13new_allocatorIiE10deallocateEPim
FN:113,_ZNK9__gnu_cxx13new_allocatorI7point_tE8max_sizeEv
FN:113,_ZNK9__gnu_cxx13new_allocatorIiE8max_sizeEv
FN:119,_ZN9__gnu_cxx13new_allocatorIiE9constructIiIRKiEEEvPT_DpOT0_
FN:119,_ZN9__gnu_cxx13new_allocatorI7point_tE9constructIS1_IRKS1_EEEvPT_DpOT0_
FN:124,_ZN9__gnu_cxx13new_allocatorI7point_tE7destroyIS1_EEvPT_
FN:124,_ZN9__gnu_cxx13new_allocatorIiE7destroyIiEEvPT_
FNDA:1728,_ZN9__gnu_cxx13new_allocatorIiEC2Ev
FNDA:96,_ZN9__gnu_cxx13new_allocatorI7point_tEC2Ev
FNDA:0,_ZN9__gnu_cxx13new_allocatorIcEC2Ev
FNDA:0,_ZN9__gnu_cxx13new_allocatorIcEC2ERKS1_
FNDA:96,_ZN9__gnu_cxx13new_allocatorI7point_tED2Ev
FNDA:0,_ZN9__gnu_cxx13new_allocatorIcED2Ev
FNDA:5568,_ZN9__gnu_cxx13new_allocatorIiE8allocateEmPKv
FNDA:0,_ZN9__gnu_cxx13new_allocatorI7point_tE8allocateEmPKv
FNDA:0,_ZN9__gnu_cxx13new_allocatorIiE10deallocateEPim
FNDA:0,_ZN9__gnu_cxx13new_allocatorI7point_tE10deallocateEPS1_m
FNDA:16320,_ZNK9__gnu_cxx13new_allocatorIiE8max_sizeEv
FNDA:0,_ZNK9__gnu_cxx13new_allocatorI7point_tE8max_sizeEv
FNDA:6912,_ZN9__gnu_cxx13new_allocatorIiE9constructIiIRKiEEEvPT_DpOT0_
FNDA:384,_ZN9__gnu_cxx13new_allocatorI7point_tE9constructIS1_IRKS1_EEEvPT_DpOT0_
FNDA:0,_ZN9__gnu_cxx13new_allocatorIiE7destroyIiEEvPT_
FNDA:0,_ZN9__gnu_cxx13new_allocatorI7point_tE7destroyIS1_EEvPT_
FNF:16
FNH:7
DA:79,1824
DA:81,0
DA:86,96
DA:99,5568
DA:101,5568
DA:102,0
DA:104,5568
DA:109,0
DA:110,0
DA:113,16320
DA:114,16320
DA:119,7296
DA:120,7296
DA:124,0
LF:14
LH:9
end_of_record
SF:/usr/include/c++/4.8/ext/type_traits.h
FN:150,_ZN9__gnu_cxx17__is_null_pointerIcEEbPT_
FNDA:0,_ZN9__gnu_cxx17__is_null_pointerIcEEbPT_
FNF:1
FNH:0
DA:150,0
DA:151,0
LF:2
LH:0
end_of_record
SF:/usr/include/c++/4.8/iostream
DA:74,6
LF:1
LH:1
end_of_record
SF:/usr/include/c++/4.8/new
FN:109,_ZnwmPv
FNDA:0,_ZnwmPv
FNF:1
FNH:0
DA:109,0
DA:110,0
LF:2
LH:0
end_of_record
SF:/usr/include/c++/4.8/sstream
FN:64,_ZNSt15basic_stringbufIcSt11char_traitsIcESaIcEED0Ev
FN:64,_ZNSt15basic_stringbufIcSt11char_traitsIcESaIcEED2Ev
FNDA:0,_ZNSt15basic_stringbufIcSt11char_traitsIcESaIcEED0Ev
FNDA:0,_ZNSt15basic_stringbufIcSt11char_traitsIcESaIcEED2Ev
FNF:2
FNH:0
DA:64,0
LF:1
LH:0
end_of_record
SF:/usr/include/c++/4.8/tuple
FN:94,_ZNSt10_Head_baseILm1ESt14default_deleteISt6vectorI7point_tSaIS2_EEELb1EEC2IS5_vEEOT_
FN:121,_ZNSt10_Head_baseILm1ESt14default_deleteISt6vectorI7point_tSaIS2_EEELb1EE7_M_headERS6_
FN:139,_ZNSt10_Head_baseILm0EPSt6vectorI7point_tSaIS1_EELb0EEC2IRS4_vEEOT_
FN:167,_ZNSt10_Head_baseILm0EPSt6vectorI7point_tSaIS1_EELb0EE7_M_headERS5_
FN:170,_ZNSt10_Head_baseILm0EPSt6vectorI7point_tSaIS1_EELb0EE7_M_headERKS5_
FN:195,_ZNSt11_Tuple_implILm2EIEEC2Ev
FN:239,_ZNSt11_Tuple_implILm1EISt14default_deleteISt6vectorI7point_tSaIS2_EEEEE7_M_headERS6_
FN:239,_ZNSt11_Tuple_implILm0EIPSt6vectorI7point_tSaIS1_EESt14default_deleteIS3_EEE7_M_headERS7_
FN:242,_ZNSt11_Tuple_implILm0EIPSt6vectorI7point_tSaIS1_EESt14default_deleteIS3_EEE7_M_headERKS7_
FN:260,_ZNSt11_Tuple_implILm0EIPSt6vectorI7point_tSaIS1_EESt14default_deleteIS3_EEEC2IRS4_IS6_EvEEOT_DpOT0_
FN:260,_ZNSt11_Tuple_implILm1EISt14default_deleteISt6vectorI7point_tSaIS2_EEEEEC2IS5_IEvEEOT_DpOT0_
FN:537,_ZNSt5tupleIIPSt6vectorI7point_tSaIS1_EESt14default_deleteIS3_EEEC2IRS4_S6_vEEOT_OT0_
FN:742,_ZSt12__get_helperILm1ESt14default_deleteISt6vectorI7point_tSaIS2_EEEIEENSt9__add_refIT0_E4typeERSt11_Tuple_implIXT_EIS7_DpT1_EE
FN:742,_ZSt12__get_helperILm0EPSt6vectorI7point_tSaIS1_EEISt14default_deleteIS3_EEENSt9__add_refIT0_E4typeERSt11_Tuple_implIXT_EIS8_DpT1_EE
FN:747,_ZSt12__get_helperILm0EPSt6vectorI7point_tSaIS1_EEISt14default_deleteIS3_EEENSt11__add_c_refIT0_E4typeERKSt11_Tuple_implIXT_EIS8_DpT1_EE
FN:757,_ZSt3getILm0EIPSt6vectorI7point_tSaIS1_EESt14default_deleteIS3_EEENSt9__add_refINSt13tuple_elementIXT_ESt5tupleIIDpT0_EEE4typeEE4typeERSC_
FN:757,_ZSt3getILm1EIPSt6vectorI7point_tSaIS1_EESt14default_deleteIS3_EEENSt9__add_refINSt13tuple_elementIXT_ESt5tupleIIDpT0_EEE4typeEE4typeERSC_
FN:764,_ZSt3getILm0EIPSt6vectorI7point_tSaIS1_EESt14default_deleteIS3_EEENSt11__add_c_refINSt13tuple_elementIXT_ESt5tupleIIDpT0_EEE4typeEE4typeERKSC_
FNDA:96,_ZNSt10_Head_baseILm1ESt14default_deleteISt6vectorI7point_tSaIS2_EEELb1EEC2IS5_vEEOT_
FNDA:96,_ZNSt10_Head_baseILm1ESt14default_deleteISt6vectorI7point_tSaIS2_EEELb1EE7_M_headERS6_
FNDA:96,_ZNSt10_Head_baseILm0EPSt6vectorI7point_tSaIS1_EELb0EEC2IRS4_vEEOT_
FNDA:96,_ZNSt10_Head_baseILm0EPSt6vectorI7point_tSaIS1_EELb0EE7_M_headERS5_
FNDA:1536,_ZNSt10_Head_baseILm0EPSt6vectorI7point_tSaIS1_EELb0EE7_M_headERKS5_
FNDA:0,_ZNSt11_Tuple_implILm2EIEEC2Ev
FNDA:96,_ZNSt11_Tuple_implILm1EISt14default_deleteISt6vectorI7point_tSaIS2_EEEEE7_M_headERS6_
FNDA:96,_ZNSt11_Tuple_implILm0EIPSt6vectorI7point_tSaIS1_EESt14default_deleteIS3_EEE7_M_headERS7_
FNDA:1536,_ZNSt11_Tuple_implILm0EIPSt6vectorI7point_tSaIS1_EESt14default_deleteIS3_EEE7_M_headERKS7_
FNDA:96,_ZNSt11_Tuple_implILm0EIPSt6vectorI7point_tSaIS1_EESt14default_deleteIS3_EEEC2IRS4_IS6_EvEEOT_DpOT0_
FNDA:96,_ZNSt11_Tuple_implILm1EISt14default_deleteISt6vectorI7point_tSaIS2_EEEEEC2IS5_IEvEEOT_DpOT0_
FNDA:96,_ZNSt5tupleIIPSt6vectorI7point_tSaIS1_EESt14default_deleteIS3_EEEC2IRS4_S6_vEEOT_OT0_
FNDA:96,_ZSt12__get_helperILm1ESt14default_deleteISt6vectorI7point_tSaIS2_EEEIEENSt9__add_refIT0_E4typeERSt11_Tuple_implIXT_EIS7_DpT1_EE
FNDA:96,_ZSt12__get_helperILm0EPSt6vectorI7point_tSaIS1_EEISt14default_deleteIS3_EEENSt9__add_refIT0_E4typeERSt11_Tuple_implIXT_EIS8_DpT1_EE
FNDA:1536,_ZSt12__get_helperILm0EPSt6vectorI7point_tSaIS1_EEISt14default_deleteIS3_EEENSt11__add_c_refIT0_E4typeERKSt11_Tuple_implIXT_EIS8_DpT1_EE
FNDA:96,_ZSt3getILm1EIPSt6vectorI7point_tSaIS1_EESt14default_deleteIS3_EEENSt9__add_refINSt13tuple_elementIXT_ESt5tupleIIDpT0_EEE4typeEE4typeERSC_
FNDA:96,_ZSt3getILm0EIPSt6vectorI7point_tSaIS1_EESt14default_deleteIS3_EEENSt9__add_refINSt13tuple_elementIXT_ESt5tupleIIDpT0_EEE4typeEE4typeERSC_
FNDA:1536,_ZSt3getILm0EIPSt6vectorI7point_tSaIS1_EESt14default_deleteIS3_EEENSt11__add_c_refINSt13tuple_elementIXT_ESt5tupleIIDpT0_EEE4typeEE4typeERKSC_
FNF:18
FNH:17
DA:94,96
DA:95,96
DA:121,96
DA:139,96
DA:140,96
DA:167,96
DA:170,1536
DA:195,0
DA:239,192
DA:242,1536
DA:260,192
DA:261,96
DA:262,192
DA:537,96
DA:538,96
DA:742,192
DA:743,192
DA:747,1536
DA:748,1536
DA:757,192
DA:758,192
DA:764,1536
DA:765,1536
LF:23
LH:22
end_of_record
SF:/usr/include/x86_64-linux-gnu/c++/4.8/bits/gthr-default.h
FN:247,_ZL18__gthread_active_pv
FNDA:0,_ZL18__gthread_active_pv
FNF:1
FNH:0
DA:247,0
DA:251,0
LF:2
LH:0
end_of_record
SF:/home/bruce/work/RAPTor/physics_engine/matrix_3d.h
FN:198,_ZNK9matrix_3d7get_rowEi
FN:203,_ZNK9matrix_3d4sizeEv
FNDA:0,_ZNK9matrix_3d7get_rowEi
FNDA:0,_ZNK9matrix_3d4sizeEv
FNF:2
FNH:0
DA:198,0
DA:200,0
DA:203,0
DA:205,0
LF:4
LH:0
end_of_record
SF:/home/bruce/work/RAPTor/physics_engine/simplex.cc
FN:15,_ZNK14raptor_physics7simplex16normal_of_impactERKS0_
FN:112,_ZNK14raptor_physics7simplex27get_points_in_contact_planeERK7point_t
FN:137,_ZNK14raptor_physics7simplex34get_point_indices_in_contact_planeERK7point_t
FN:162,_ZNK14raptor_physics7simplex16center_of_impactERKS0_RK7point_t
FN:172,_ZZNK14raptor_physics7simplex16center_of_impactERKS0_RK7point_tENKUlPSt18basic_stringstreamIcSt11char_traitsIcESaIcEES5_E_clESB_S5_
FN:177,_ZZNK14raptor_physics7simplex16center_of_impactERKS0_RK7point_tENKUlPSt18basic_stringstreamIcSt11char_traitsIcESaIcEES5_E0_clESB_S5_
FN:211,_ZNK14raptor_physics7simplex17get_unique_pointsEP7point_t
FN:234,_Z41__static_initialization_and_destruction_0ii
FN:234,_GLOBAL__sub_I_simplex.cc
FNDA:48,_ZNK14raptor_physics7simplex16normal_of_impactERKS0_
FNDA:96,_ZNK14raptor_physics7simplex27get_points_in_contact_planeERK7point_t
FNDA:0,_ZNK14raptor_physics7simplex34get_point_indices_in_contact_planeERK7point_t
FNDA:48,_ZNK14raptor_physics7simplex16center_of_impactERKS0_RK7point_t
FNDA:144,_ZZNK14raptor_physics7simplex16center_of_impactERKS0_RK7point_tENKUlPSt18basic_stringstreamIcSt11char_traitsIcESaIcEES5_E_clESB_S5_
FNDA:144,_ZZNK14raptor_physics7simplex16center_of_impactERKS0_RK7point_tENKUlPSt18basic_stringstreamIcSt11char_traitsIcESaIcEES5_E0_clESB_S5_
FNDA:96,_ZNK14raptor_physics7simplex17get_unique_pointsEP7point_t
FNDA:6,_GLOBAL__sub_I_simplex.cc
FNDA:6,_Z41__static_initialization_and_destruction_0ii
FNF:9
FNH:8
DA:15,48
DA:17,48
DA:18,96
DA:21,48
DA:24,48
DA:25,48
DA:26,48
DA:31,48
DA:32,48
DA:35,48
DA:36,48
DA:41,48
DA:43,48
DA:44,48
DA:48,0
DA:49,0
DA:52,48
DA:53,48
DA:57,0
DA:58,0
DA:63,48
DA:64,48
DA:67,48
DA:70,48
DA:73,48
DA:74,48
DA:75,48
DA:80,0
DA:81,0
DA:83,0
DA:85,0
DA:88,48
DA:92,0
DA:93,0
DA:95,0
DA:97,0
DA:98,0
DA:102,48
DA:104,0
DA:107,96
DA:108,48
DA:112,96
DA:115,96
DA:118,96
DA:119,864
DA:122,768
DA:123,768
DA:124,768
DA:126,384
DA:131,96
DA:133,96
DA:137,0
DA:140,0
DA:143,0
DA:144,0
DA:147,0
DA:148,0
DA:149,0
DA:151,0
DA:156,0
DA:158,0
DA:162,48
DA:164,48
DA:167,48
DA:170,96
DA:171,96
DA:172,528
DA:174,144
DA:175,144
DA:176,288
DA:177,528
DA:179,144
DA:180,144
DA:181,288
DA:186,48
DA:187,48
DA:188,192
DA:190,144
DA:191,144
DA:194,48
DA:195,48
DA:196,192
DA:198,144
DA:199,144
DA:202,48
DA:203,48
DA:206,96
DA:207,96
DA:211,96
DA:215,96
DA:216,288
DA:219,192
DA:220,288
DA:222,96
DA:226,192
DA:228,192
DA:232,96
DA:234,18
LF:98
LH:74
end_of_record
SF:/home/bruce/work/RAPTor/physics_engine/simplex.h
FN:269,_ZNK14raptor_physics7simplex10get_vertexEi
FNDA:0,_ZNK14raptor_physics7simplex10get_vertexEi
FNF:1
FNH:0
DA:269,0
DA:271,0
LF:2
LH:0
end_of_record
